Using pre-set license
Built from '2020.3/staging' branch; Version is '2020.3.4f1 (0abb6314276a) revision 703331'; Using compiler version '192528614'; Build Type 'Release'
OS: 'Windows 10 Pro; OS build 19042.928; Version 2009; 64bit' Language: 'pl' Physical Memory: 7888 MB
BatchMode: 1, IsHumanControllingUs: 0, StartBugReporterOnCrash: 0, Is64bit: 1, IsPro: 0

 COMMAND LINE ARGUMENTS:
C:\Program Files\Unity\Hub\Editor\2020.3.4f1\Editor\Unity.exe
-adb2
-batchMode
-noUpm
-name
AssetImportWorker0
-projectPath
C:/Users/kniew/OneDrive/Desktop/VP Game
-logFile
Logs/AssetImportWorker0.log
-srvPort
61297
Successfully changed project path to: C:/Users/kniew/OneDrive/Desktop/VP Game
C:/Users/kniew/OneDrive/Desktop/VP Game
Using Asset Import Pipeline V2.
Refreshing native plugins compatible for Editor in 68.70 ms, found 1 plugins.
Preloading 0 native plugins for Editor in 0.00 ms.
Initialize engine version: 2020.3.4f1 (0abb6314276a)
[Subsystems] Discovering subsystems at path C:/Program Files/Unity/Hub/Editor/2020.3.4f1/Editor/Data/Resources/UnitySubsystems
[Subsystems] Discovering subsystems at path C:/Users/kniew/OneDrive/Desktop/VP Game/Assets
GfxDevice: creating device client; threaded=0
Direct3D:
    Version:  Direct3D 11.0 [level 11.0]
    Renderer: NVIDIA NVS 5400M (ID=0xdef)
    Vendor:   
    VRAM:     979 MB
    Driver:   23.21.13.8908
Initialize mono
Mono path[0] = 'C:/Program Files/Unity/Hub/Editor/2020.3.4f1/Editor/Data/Managed'
Mono path[1] = 'C:/Program Files/Unity/Hub/Editor/2020.3.4f1/Editor/Data/MonoBleedingEdge/lib/mono/unityjit'
Mono config path = 'C:/Program Files/Unity/Hub/Editor/2020.3.4f1/Editor/Data/MonoBleedingEdge/etc'
Using monoOptions --debugger-agent=transport=dt_socket,embedding=1,server=y,suspend=n,address=127.0.0.1:56388
Begin MonoManager ReloadAssembly
Registering precompiled unity dll's ...
Register platform support module: C:/Program Files/Unity/Hub/Editor/2020.3.4f1/Editor/Data/PlaybackEngines/WindowsStandaloneSupport/UnityEditor.WindowsStandalone.Extensions.dll
Registered in 0.003492 seconds.
Native extension for WindowsStandalone target not found
Refreshing native plugins compatible for Editor in 68.10 ms, found 1 plugins.
Preloading 0 native plugins for Editor in 0.00 ms.
Mono: successfully reloaded assembly
- Completed reload, in  1.683 seconds
Platform modules already initialized, skipping
Registering precompiled user dll's ...
Registered in 0.001890 seconds.
Begin MonoManager ReloadAssembly
Native extension for WindowsStandalone target not found
Refreshing native plugins compatible for Editor in 68.44 ms, found 1 plugins.
Preloading 0 native plugins for Editor in 0.00 ms.
Mono: successfully reloaded assembly
- Completed reload, in  1.400 seconds
Platform modules already initialized, skipping
========================================================================
Worker process is ready to serve import requests
Launched and connected shader compiler UnityShaderCompiler.exe after 0.07 seconds
Refreshing native plugins compatible for Editor in 0.70 ms, found 1 plugins.
Preloading 0 native plugins for Editor in 0.00 ms.
Unloading 1808 Unused Serialized files (Serialized files now loaded: 0)
System memory in use before: 84.9 MB.
System memory in use after: 84.8 MB.

Unloading 24 unused Assets to reduce memory usage. Loaded Objects now: 2250.
Total: 3.007300 ms (FindLiveObjects: 0.326600 ms CreateObjectMapping: 0.203200 ms MarkObjects: 2.301500 ms  DeleteObjects: 0.174400 ms)

========================================================================
Received Import Request.
  path: Assets/Character/pokemon.png
  artifactKey: Guid(7a172db28cf493e4db9d61faf40863b0) Importer(815301076,1909f56bfc062723c751e8b465ee728b)
Start importing Assets/Character/pokemon.png using Guid(7a172db28cf493e4db9d61faf40863b0) Importer(815301076,1909f56bfc062723c751e8b465ee728b)  -> (artifact id: '74e76c1c72a3ad2a7815a2a98e83cd50') in 0.168053 seconds
  Import took 0.174740 seconds .

========================================================================
Received Import Request.
  Time since last request: 78.075860 seconds.
  path: Assets/Character/pokemon.png
  artifactKey: Guid(7a172db28cf493e4db9d61faf40863b0) Importer(815301076,1909f56bfc062723c751e8b465ee728b)
Start importing Assets/Character/pokemon.png using Guid(7a172db28cf493e4db9d61faf40863b0) Importer(815301076,1909f56bfc062723c751e8b465ee728b)  -> (artifact id: '48014fc73711634c1cdbbb5821f909fe') in 0.024256 seconds
  Import took 0.034025 seconds .

========================================================================
Received Import Request.
  Time since last request: 148.890660 seconds.
  path: Assets/Character/pokemon.png
  artifactKey: Guid(7a172db28cf493e4db9d61faf40863b0) Importer(815301076,1909f56bfc062723c751e8b465ee728b)
Start importing Assets/Character/pokemon.png using Guid(7a172db28cf493e4db9d61faf40863b0) Importer(815301076,1909f56bfc062723c751e8b465ee728b)  -> (artifact id: 'cc4f50d3227280a4cd8e30fbbf0e6729') in 0.060544 seconds
  Import took 0.065971 seconds .

========================================================================
Received Import Request.
  Time since last request: 85.333448 seconds.
  path: ProjectSettings/TagManager.asset
  artifactKey: Guid(00000000000000003000000000000000) Importer(815301076,1909f56bfc062723c751e8b465ee728b)
Start importing ProjectSettings/TagManager.asset using Guid(00000000000000003000000000000000) Importer(815301076,1909f56bfc062723c751e8b465ee728b)  -> (artifact id: '412dcb57b31f49cb50955ec4e4cd9f98') in 0.023794 seconds
  Import took 0.029968 seconds .

========================================================================
Received Prepare
Registering precompiled user dll's ...
Registered in 0.001520 seconds.
Begin MonoManager ReloadAssembly
Native extension for WindowsStandalone target not found
Refreshing native plugins compatible for Editor in 0.56 ms, found 1 plugins.
Preloading 0 native plugins for Editor in 0.00 ms.
Mono: successfully reloaded assembly
- Completed reload, in  1.235 seconds
Platform modules already initialized, skipping
Refreshing native plugins compatible for Editor in 0.57 ms, found 1 plugins.
Preloading 0 native plugins for Editor in 0.00 ms.
Unloading 1804 Unused Serialized files (Serialized files now loaded: 0)
System memory in use before: 87.9 MB.
System memory in use after: 87.9 MB.

Unloading 13 unused Assets to reduce memory usage. Loaded Objects now: 2263.
Total: 3.104900 ms (FindLiveObjects: 0.311500 ms CreateObjectMapping: 0.196200 ms MarkObjects: 2.446000 ms  DeleteObjects: 0.149400 ms)

========================================================================
Received Prepare
Registering precompiled user dll's ...
Registered in 0.001505 seconds.
Begin MonoManager ReloadAssembly
Native extension for WindowsStandalone target not found
Refreshing native plugins compatible for Editor in 0.57 ms, found 1 plugins.
Preloading 0 native plugins for Editor in 0.00 ms.
Mono: successfully reloaded assembly
- Completed reload, in  1.225 seconds
Platform modules already initialized, skipping
Refreshing native plugins compatible for Editor in 0.57 ms, found 1 plugins.
Preloading 0 native plugins for Editor in 0.00 ms.
Unloading 1804 Unused Serialized files (Serialized files now loaded: 0)
System memory in use before: 87.9 MB.
System memory in use after: 87.9 MB.

Unloading 12 unused Assets to reduce memory usage. Loaded Objects now: 2267.
Total: 3.110000 ms (FindLiveObjects: 0.285500 ms CreateObjectMapping: 0.177600 ms MarkObjects: 2.488900 ms  DeleteObjects: 0.155800 ms)

========================================================================
Received Prepare
Registering precompiled user dll's ...
Registered in 0.001542 seconds.
Begin MonoManager ReloadAssembly
Native extension for WindowsStandalone target not found
Refreshing native plugins compatible for Editor in 0.58 ms, found 1 plugins.
Preloading 0 native plugins for Editor in 0.00 ms.
Mono: successfully reloaded assembly
- Completed reload, in  1.188 seconds
Platform modules already initialized, skipping
Refreshing native plugins compatible for Editor in 0.60 ms, found 1 plugins.
Preloading 0 native plugins for Editor in 0.00 ms.
Unloading 1804 Unused Serialized files (Serialized files now loaded: 0)
System memory in use before: 87.9 MB.
System memory in use after: 87.9 MB.

Unloading 12 unused Assets to reduce memory usage. Loaded Objects now: 2271.
Total: 2.896800 ms (FindLiveObjects: 0.320300 ms CreateObjectMapping: 0.183700 ms MarkObjects: 2.231700 ms  DeleteObjects: 0.158300 ms)

========================================================================
Received Prepare
Registering precompiled user dll's ...
Registered in 0.001614 seconds.
Begin MonoManager ReloadAssembly
Native extension for WindowsStandalone target not found
Refreshing native plugins compatible for Editor in 0.58 ms, found 1 plugins.
Preloading 0 native plugins for Editor in 0.00 ms.
Mono: successfully reloaded assembly
- Completed reload, in  1.188 seconds
Platform modules already initialized, skipping
Refreshing native plugins compatible for Editor in 0.61 ms, found 1 plugins.
Preloading 0 native plugins for Editor in 0.00 ms.
Unloading 1804 Unused Serialized files (Serialized files now loaded: 0)
System memory in use before: 88.0 MB.
System memory in use after: 87.9 MB.

Unloading 12 unused Assets to reduce memory usage. Loaded Objects now: 2275.
Total: 3.169900 ms (FindLiveObjects: 0.325500 ms CreateObjectMapping: 0.200900 ms MarkObjects: 2.477600 ms  DeleteObjects: 0.163600 ms)

========================================================================
Received Import Request.
  Time since last request: 296.687659 seconds.
  path: Assets/Scripts/PlayerController.cs
  artifactKey: Guid(193ef2b0a8fa54046aaafa6cfc10370c) Importer(815301076,1909f56bfc062723c751e8b465ee728b)
Start importing Assets/Scripts/PlayerController.cs using Guid(193ef2b0a8fa54046aaafa6cfc10370c) Importer(815301076,1909f56bfc062723c751e8b465ee728b)  -> (artifact id: 'ffe2ba9760df9f8c06018208cf5acf7a') in 0.017821 seconds
  Import took 0.023396 seconds .

========================================================================
Received Import Request.
  Time since last request: 0.031570 seconds.
  path: Assets/Scripts/PlayerController.cs
  artifactKey: Guid(193ef2b0a8fa54046aaafa6cfc10370c) Importer(815301076,1909f56bfc062723c751e8b465ee728b)
Start importing Assets/Scripts/PlayerController.cs using Guid(193ef2b0a8fa54046aaafa6cfc10370c) Importer(815301076,1909f56bfc062723c751e8b465ee728b)  -> (artifact id: 'ffe2ba9760df9f8c06018208cf5acf7a') in 0.003037 seconds
  Import took 0.007861 seconds .

========================================================================
Received Prepare
Registering precompiled user dll's ...
Registered in 0.002390 seconds.
Begin MonoManager ReloadAssembly
Native extension for WindowsStandalone target not found
Refreshing native plugins compatible for Editor in 0.67 ms, found 1 plugins.
Preloading 0 native plugins for Editor in 0.00 ms.
Mono: successfully reloaded assembly
- Completed reload, in  1.597 seconds
Platform modules already initialized, skipping
Refreshing native plugins compatible for Editor in 0.78 ms, found 1 plugins.
Preloading 0 native plugins for Editor in 0.00 ms.
Unloading 1804 Unused Serialized files (Serialized files now loaded: 0)
System memory in use before: 88.0 MB.
System memory in use after: 87.9 MB.

Unloading 12 unused Assets to reduce memory usage. Loaded Objects now: 2279.
Total: 3.803900 ms (FindLiveObjects: 0.571600 ms CreateObjectMapping: 0.248600 ms MarkObjects: 2.744800 ms  DeleteObjects: 0.235300 ms)

========================================================================
Received Prepare
Registering precompiled user dll's ...
Registered in 0.001967 seconds.
Begin MonoManager ReloadAssembly
Native extension for WindowsStandalone target not found
Refreshing native plugins compatible for Editor in 0.60 ms, found 1 plugins.
Preloading 0 native plugins for Editor in 0.00 ms.
Mono: successfully reloaded assembly
- Completed reload, in  1.218 seconds
Platform modules already initialized, skipping
Refreshing native plugins compatible for Editor in 0.58 ms, found 1 plugins.
Preloading 0 native plugins for Editor in 0.00 ms.
Unloading 1804 Unused Serialized files (Serialized files now loaded: 0)
System memory in use before: 88.0 MB.
System memory in use after: 88.0 MB.

Unloading 12 unused Assets to reduce memory usage. Loaded Objects now: 2283.
Total: 3.020200 ms (FindLiveObjects: 0.306200 ms CreateObjectMapping: 0.188200 ms MarkObjects: 2.343300 ms  DeleteObjects: 0.179800 ms)

========================================================================
Received Import Request.
  Time since last request: 1007.038545 seconds.
  path: Assets/Scripts/PlayerController.cs
  artifactKey: Guid(193ef2b0a8fa54046aaafa6cfc10370c) Importer(815301076,1909f56bfc062723c751e8b465ee728b)
Start importing Assets/Scripts/PlayerController.cs using Guid(193ef2b0a8fa54046aaafa6cfc10370c) Importer(815301076,1909f56bfc062723c751e8b465ee728b)  -> (artifact id: 'b4d73f2d579c241aaa80fd370a242fe0') in 0.006597 seconds
  Import took 0.013011 seconds .

========================================================================
Received Prepare
Registering precompiled user dll's ...
Registered in 0.001940 seconds.
Begin MonoManager ReloadAssembly
Native extension for WindowsStandalone target not found
Refreshing native plugins compatible for Editor in 0.57 ms, found 1 plugins.
Preloading 0 native plugins for Editor in 0.00 ms.
Mono: successfully reloaded assembly
- Completed reload, in  1.186 seconds
Platform modules already initialized, skipping
Refreshing native plugins compatible for Editor in 0.59 ms, found 1 plugins.
Preloading 0 native plugins for Editor in 0.00 ms.
Unloading 1804 Unused Serialized files (Serialized files now loaded: 0)
System memory in use before: 88.0 MB.
System memory in use after: 88.0 MB.

Unloading 12 unused Assets to reduce memory usage. Loaded Objects now: 2287.
Total: 3.170800 ms (FindLiveObjects: 0.436100 ms CreateObjectMapping: 0.215000 ms MarkObjects: 2.360400 ms  DeleteObjects: 0.157100 ms)

========================================================================
Received Prepare
Registering precompiled user dll's ...
Registered in 0.001638 seconds.
Begin MonoManager ReloadAssembly
Native extension for WindowsStandalone target not found
Refreshing native plugins compatible for Editor in 0.59 ms, found 1 plugins.
Preloading 0 native plugins for Editor in 0.00 ms.
Mono: successfully reloaded assembly
- Completed reload, in  1.267 seconds
Platform modules already initialized, skipping
Refreshing native plugins compatible for Editor in 0.55 ms, found 1 plugins.
Preloading 0 native plugins for Editor in 0.00 ms.
Unloading 1804 Unused Serialized files (Serialized files now loaded: 0)
System memory in use before: 88.0 MB.
System memory in use after: 88.0 MB.

Unloading 12 unused Assets to reduce memory usage. Loaded Objects now: 2291.
Total: 2.680600 ms (FindLiveObjects: 0.247200 ms CreateObjectMapping: 0.119300 ms MarkObjects: 2.131900 ms  DeleteObjects: 0.179600 ms)

========================================================================
Received Prepare
Registering precompiled user dll's ...
Registered in 0.001782 seconds.
Begin MonoManager ReloadAssembly
Native extension for WindowsStandalone target not found
Refreshing native plugins compatible for Editor in 0.58 ms, found 1 plugins.
Preloading 0 native plugins for Editor in 0.00 ms.
Mono: successfully reloaded assembly
- Completed reload, in  1.252 seconds
Platform modules already initialized, skipping
Refreshing native plugins compatible for Editor in 0.57 ms, found 1 plugins.
Preloading 0 native plugins for Editor in 0.00 ms.
Unloading 1804 Unused Serialized files (Serialized files now loaded: 0)
System memory in use before: 88.0 MB.
System memory in use after: 88.0 MB.

Unloading 12 unused Assets to reduce memory usage. Loaded Objects now: 2295.
Total: 4.331200 ms (FindLiveObjects: 0.405200 ms CreateObjectMapping: 0.117900 ms MarkObjects: 3.551400 ms  DeleteObjects: 0.253800 ms)

========================================================================
Received Import Request.
  Time since last request: 4534.041754 seconds.
  path: Assets/Character/pokemon.png
  artifactKey: Guid(7a172db28cf493e4db9d61faf40863b0) Importer(815301076,1909f56bfc062723c751e8b465ee728b)
Start importing Assets/Character/pokemon.png using Guid(7a172db28cf493e4db9d61faf40863b0) Importer(815301076,1909f56bfc062723c751e8b465ee728b)  -> (artifact id: '7e21dae22ecb84a59df18923509ec4b2') in 0.130260 seconds
  Import took 0.138636 seconds .

========================================================================
Received Import Request.
  Time since last request: 347.834925 seconds.
  path: Assets
  artifactKey: Guid(00000000000000001000000000000000) Importer(815301076,1909f56bfc062723c751e8b465ee728b)
Start importing Assets using Guid(00000000000000001000000000000000) Importer(815301076,1909f56bfc062723c751e8b465ee728b)  -> (artifact id: '025e4f587c23674256bb898581e82961') in 0.024605 seconds
  Import took 0.050373 seconds .

========================================================================
Received Import Request.
  Time since last request: 39.066174 seconds.
  path: Assets/Scripts/Animations
  artifactKey: Guid(5e4302829aac1cf408b91d69d12535ca) Importer(815301076,1909f56bfc062723c751e8b465ee728b)
Start importing Assets/Scripts/Animations using Guid(5e4302829aac1cf408b91d69d12535ca) Importer(815301076,1909f56bfc062723c751e8b465ee728b)  -> (artifact id: '0f55042749fdafa59fc2dc634bd52265') in 0.013897 seconds
  Import took 0.022849 seconds .

========================================================================
Received Import Request.
  Time since last request: 68.431063 seconds.
  path: Assets/Animations/player.controller
  artifactKey: Guid(56f0de11f06c3df48bdaf11fde79e9ac) Importer(815301076,1909f56bfc062723c751e8b465ee728b)
Start importing Assets/Animations/player.controller using Guid(56f0de11f06c3df48bdaf11fde79e9ac) Importer(815301076,1909f56bfc062723c751e8b465ee728b)  -> (artifact id: '6aaa1c734600da696d84cd1cdb3c212d') in 0.021773 seconds
  Import took 0.030852 seconds .

========================================================================
Received Import Request.
  Time since last request: 0.010323 seconds.
  path: Assets/Animations/player.controller
  artifactKey: Guid(56f0de11f06c3df48bdaf11fde79e9ac) Importer(815301076,1909f56bfc062723c751e8b465ee728b)
Start importing Assets/Animations/player.controller using Guid(56f0de11f06c3df48bdaf11fde79e9ac) Importer(815301076,1909f56bfc062723c751e8b465ee728b)  -> (artifact id: '6aaa1c734600da696d84cd1cdb3c212d') in 0.005193 seconds
  Import took 0.017143 seconds .

========================================================================
Received Import Request.
  Time since last request: 369.721873 seconds.
  path: Assets/Animations/IdleDown.anim
  artifactKey: Guid(e70717262eecd9848bbb5408f585276e) Importer(815301076,1909f56bfc062723c751e8b465ee728b)
Start importing Assets/Animations/IdleDown.anim using Guid(e70717262eecd9848bbb5408f585276e) Importer(815301076,1909f56bfc062723c751e8b465ee728b)  -> (artifact id: '50daf733be8e9885e8d1919dd8d7b98f') in 0.018309 seconds
  Import took 0.029129 seconds .

========================================================================
Received Import Request.
  Time since last request: 491.940005 seconds.
  path: Assets/Scripts/PlayerController.cs
  artifactKey: Guid(193ef2b0a8fa54046aaafa6cfc10370c) Importer(815301076,1909f56bfc062723c751e8b465ee728b)
Start importing Assets/Scripts/PlayerController.cs using Guid(193ef2b0a8fa54046aaafa6cfc10370c) Importer(815301076,1909f56bfc062723c751e8b465ee728b)  -> (artifact id: 'd6b21d92ceacf99a47b2ad6a72ef0714') in 0.016037 seconds
  Import took 0.035194 seconds .

========================================================================
Received Prepare
Registering precompiled user dll's ...
Registered in 0.001916 seconds.
Begin MonoManager ReloadAssembly
Native extension for WindowsStandalone target not found
Refreshing native plugins compatible for Editor in 0.81 ms, found 1 plugins.
Preloading 0 native plugins for Editor in 0.00 ms.
Mono: successfully reloaded assembly
- Completed reload, in  1.914 seconds
Platform modules already initialized, skipping
Refreshing native plugins compatible for Editor in 0.63 ms, found 1 plugins.
Preloading 0 native plugins for Editor in 0.00 ms.
Unloading 1804 Unused Serialized files (Serialized files now loaded: 0)
System memory in use before: 88.0 MB.
System memory in use after: 88.0 MB.

Unloading 12 unused Assets to reduce memory usage. Loaded Objects now: 2300.
Total: 4.411100 ms (FindLiveObjects: 0.609000 ms CreateObjectMapping: 0.249900 ms MarkObjects: 3.343000 ms  DeleteObjects: 0.206300 ms)

========================================================================
Received Import Request.
  Time since last request: 45.746734 seconds.
  path: Assets/Scripts/PlayerController.cs
  artifactKey: Guid(193ef2b0a8fa54046aaafa6cfc10370c) Importer(815301076,1909f56bfc062723c751e8b465ee728b)
Start importing Assets/Scripts/PlayerController.cs using Guid(193ef2b0a8fa54046aaafa6cfc10370c) Importer(815301076,1909f56bfc062723c751e8b465ee728b)  -> (artifact id: '8123752981e8ecc82612f294cb9854b5') in 0.010312 seconds
  Import took 0.019113 seconds .

========================================================================
Received Import Request.
  Time since last request: 0.002931 seconds.
  path: Assets/Scripts/PlayerController.cs
  artifactKey: Guid(193ef2b0a8fa54046aaafa6cfc10370c) Importer(815301076,1909f56bfc062723c751e8b465ee728b)
Start importing Assets/Scripts/PlayerController.cs using Guid(193ef2b0a8fa54046aaafa6cfc10370c) Importer(815301076,1909f56bfc062723c751e8b465ee728b)  -> (artifact id: '8123752981e8ecc82612f294cb9854b5') in 0.003895 seconds
  Import took 0.011997 seconds .

========================================================================
Received Prepare
Registering precompiled user dll's ...
Registered in 0.002278 seconds.
Begin MonoManager ReloadAssembly
Native extension for WindowsStandalone target not found
Refreshing native plugins compatible for Editor in 0.66 ms, found 1 plugins.
Preloading 0 native plugins for Editor in 0.00 ms.
Mono: successfully reloaded assembly
- Completed reload, in  1.719 seconds
Platform modules already initialized, skipping
Refreshing native plugins compatible for Editor in 2.25 ms, found 1 plugins.
Preloading 0 native plugins for Editor in 0.00 ms.
Unloading 1804 Unused Serialized files (Serialized files now loaded: 0)
System memory in use before: 88.0 MB.
System memory in use after: 88.0 MB.

Unloading 12 unused Assets to reduce memory usage. Loaded Objects now: 2304.
Total: 75.527300 ms (FindLiveObjects: 3.438600 ms CreateObjectMapping: 9.211500 ms MarkObjects: 60.258700 ms  DeleteObjects: 2.228600 ms)

========================================================================
Received Import Request.
  Time since last request: 51.139327 seconds.
  path: Assets/Scripts/PlayerController.cs
  artifactKey: Guid(193ef2b0a8fa54046aaafa6cfc10370c) Importer(815301076,1909f56bfc062723c751e8b465ee728b)
Start importing Assets/Scripts/PlayerController.cs using Guid(193ef2b0a8fa54046aaafa6cfc10370c) Importer(815301076,1909f56bfc062723c751e8b465ee728b)  -> (artifact id: '7bb315aad480b0c468962f1c1d8c8f55') in 0.008249 seconds
  Import took 0.017835 seconds .

========================================================================
Received Import Request.
  Time since last request: 426.639737 seconds.
  path: Assets/Scripts/PlayerController.cs
  artifactKey: Guid(193ef2b0a8fa54046aaafa6cfc10370c) Importer(815301076,1909f56bfc062723c751e8b465ee728b)
Start importing Assets/Scripts/PlayerController.cs using Guid(193ef2b0a8fa54046aaafa6cfc10370c) Importer(815301076,1909f56bfc062723c751e8b465ee728b)  -> (artifact id: 'f8836305572d2fcfb4fdd0648e1c4a36') in 0.005503 seconds
  Import took 0.016709 seconds .

========================================================================
Received Prepare
Registering precompiled user dll's ...
Registered in 0.001764 seconds.
Begin MonoManager ReloadAssembly
Native extension for WindowsStandalone target not found
Refreshing native plugins compatible for Editor in 0.69 ms, found 1 plugins.
Preloading 0 native plugins for Editor in 0.00 ms.
Mono: successfully reloaded assembly
- Completed reload, in  1.700 seconds
Platform modules already initialized, skipping
Refreshing native plugins compatible for Editor in 1.26 ms, found 1 plugins.
Preloading 0 native plugins for Editor in 0.00 ms.
Unloading 1804 Unused Serialized files (Serialized files now loaded: 0)
System memory in use before: 88.1 MB.
System memory in use after: 88.0 MB.

Unloading 12 unused Assets to reduce memory usage. Loaded Objects now: 2308.
Total: 21.337500 ms (FindLiveObjects: 2.490400 ms CreateObjectMapping: 1.982100 ms MarkObjects: 16.547700 ms  DeleteObjects: 0.313000 ms)

========================================================================
Received Import Request.
  Time since last request: 46.487966 seconds.
  path: Assets/Scripts/PlayerController.cs
  artifactKey: Guid(193ef2b0a8fa54046aaafa6cfc10370c) Importer(815301076,1909f56bfc062723c751e8b465ee728b)
Start importing Assets/Scripts/PlayerController.cs using Guid(193ef2b0a8fa54046aaafa6cfc10370c) Importer(815301076,1909f56bfc062723c751e8b465ee728b)  -> (artifact id: '163c5f9c18359b0dd0e8fa712fc0ad84') in 0.018984 seconds
  Import took 0.033595 seconds .

========================================================================
Received Prepare
Registering precompiled user dll's ...
Registered in 0.002084 seconds.
Begin MonoManager ReloadAssembly
Native extension for WindowsStandalone target not found
Refreshing native plugins compatible for Editor in 1.10 ms, found 1 plugins.
Preloading 0 native plugins for Editor in 0.00 ms.
Mono: successfully reloaded assembly
- Completed reload, in  1.445 seconds
Platform modules already initialized, skipping
Refreshing native plugins compatible for Editor in 0.61 ms, found 1 plugins.
Preloading 0 native plugins for Editor in 0.00 ms.
Unloading 1804 Unused Serialized files (Serialized files now loaded: 0)
System memory in use before: 88.1 MB.
System memory in use after: 88.0 MB.

Unloading 12 unused Assets to reduce memory usage. Loaded Objects now: 2312.
Total: 6.178100 ms (FindLiveObjects: 0.549000 ms CreateObjectMapping: 0.177900 ms MarkObjects: 5.186300 ms  DeleteObjects: 0.262300 ms)

========================================================================
Received Prepare
Registering precompiled user dll's ...
Registered in 0.001918 seconds.
Begin MonoManager ReloadAssembly
Native extension for WindowsStandalone target not found
Refreshing native plugins compatible for Editor in 0.86 ms, found 1 plugins.
Preloading 0 native plugins for Editor in 0.00 ms.
Mono: successfully reloaded assembly
- Completed reload, in  1.878 seconds
Platform modules already initialized, skipping
Refreshing native plugins compatible for Editor in 3.65 ms, found 1 plugins.
Preloading 0 native plugins for Editor in 0.00 ms.
Unloading 1804 Unused Serialized files (Serialized files now loaded: 0)
System memory in use before: 88.1 MB.
System memory in use after: 88.0 MB.

Unloading 12 unused Assets to reduce memory usage. Loaded Objects now: 2316.
Total: 8.371000 ms (FindLiveObjects: 0.717000 ms CreateObjectMapping: 0.273000 ms MarkObjects: 6.990100 ms  DeleteObjects: 0.386700 ms)

========================================================================
Received Prepare
Registering precompiled user dll's ...
Registered in 0.001771 seconds.
Begin MonoManager ReloadAssembly
Native extension for WindowsStandalone target not found
Refreshing native plugins compatible for Editor in 0.62 ms, found 1 plugins.
Preloading 0 native plugins for Editor in 0.00 ms.
Mono: successfully reloaded assembly
- Completed reload, in  1.364 seconds
Platform modules already initialized, skipping
Refreshing native plugins compatible for Editor in 1.08 ms, found 1 plugins.
Preloading 0 native plugins for Editor in 0.00 ms.
Unloading 1804 Unused Serialized files (Serialized files now loaded: 0)
System memory in use before: 88.1 MB.
System memory in use after: 88.1 MB.

Unloading 12 unused Assets to reduce memory usage. Loaded Objects now: 2320.
Total: 3.416000 ms (FindLiveObjects: 0.466300 ms CreateObjectMapping: 0.208800 ms MarkObjects: 2.567000 ms  DeleteObjects: 0.171000 ms)

========================================================================
Received Prepare
Registering precompiled user dll's ...
Registered in 0.001913 seconds.
Begin MonoManager ReloadAssembly
Native extension for WindowsStandalone target not found
Refreshing native plugins compatible for Editor in 0.62 ms, found 1 plugins.
Preloading 0 native plugins for Editor in 0.00 ms.
Mono: successfully reloaded assembly
- Completed reload, in  1.227 seconds
Platform modules already initialized, skipping
Refreshing native plugins compatible for Editor in 0.64 ms, found 1 plugins.
Preloading 0 native plugins for Editor in 0.00 ms.
Unloading 1804 Unused Serialized files (Serialized files now loaded: 0)
System memory in use before: 88.1 MB.
System memory in use after: 88.1 MB.

Unloading 12 unused Assets to reduce memory usage. Loaded Objects now: 2324.
Total: 4.196300 ms (FindLiveObjects: 0.687500 ms CreateObjectMapping: 0.295000 ms MarkObjects: 2.932500 ms  DeleteObjects: 0.278400 ms)

========================================================================
Received Import Request.
  Time since last request: 359.907648 seconds.
  path: Assets/Animations/WalkLeft.anim
  artifactKey: Guid(08d4baa134f22114eb362852260722d4) Importer(815301076,1909f56bfc062723c751e8b465ee728b)
Start importing Assets/Animations/WalkLeft.anim using Guid(08d4baa134f22114eb362852260722d4) Importer(815301076,1909f56bfc062723c751e8b465ee728b)  -> (artifact id: 'ae50b76ca7b75cf138bb860605885527') in 0.035135 seconds
  Import took 0.043270 seconds .

========================================================================
Received Import Request.
  Time since last request: 13.254132 seconds.
  path: Assets/Animations/WalkRight.anim
  artifactKey: Guid(ff3dbac50a048674cb39e7be274f07eb) Importer(815301076,1909f56bfc062723c751e8b465ee728b)
Start importing Assets/Animations/WalkRight.anim using Guid(ff3dbac50a048674cb39e7be274f07eb) Importer(815301076,1909f56bfc062723c751e8b465ee728b)  -> (artifact id: 'fbf0fe7ada485c9ec360ac71fd51271f') in 0.013319 seconds
  Import took 0.021935 seconds .

========================================================================
Received Prepare
Registering precompiled user dll's ...
Registered in 0.001756 seconds.
Begin MonoManager ReloadAssembly
Native extension for WindowsStandalone target not found
Refreshing native plugins compatible for Editor in 0.66 ms, found 1 plugins.
Preloading 0 native plugins for Editor in 0.00 ms.
Mono: successfully reloaded assembly
- Completed reload, in  1.460 seconds
Platform modules already initialized, skipping
Refreshing native plugins compatible for Editor in 0.64 ms, found 1 plugins.
Preloading 0 native plugins for Editor in 0.00 ms.
Unloading 1804 Unused Serialized files (Serialized files now loaded: 0)
System memory in use before: 88.1 MB.
System memory in use after: 88.1 MB.

Unloading 12 unused Assets to reduce memory usage. Loaded Objects now: 2328.
Total: 3.302200 ms (FindLiveObjects: 0.471700 ms CreateObjectMapping: 0.202700 ms MarkObjects: 2.445800 ms  DeleteObjects: 0.179200 ms)

========================================================================
Received Prepare
Registering precompiled user dll's ...
Registered in 0.001729 seconds.
Begin MonoManager ReloadAssembly
Native extension for WindowsStandalone target not found
Refreshing native plugins compatible for Editor in 0.62 ms, found 1 plugins.
Preloading 0 native plugins for Editor in 0.00 ms.
Mono: successfully reloaded assembly
- Completed reload, in  1.382 seconds
Platform modules already initialized, skipping
Refreshing native plugins compatible for Editor in 0.62 ms, found 1 plugins.
Preloading 0 native plugins for Editor in 0.00 ms.
Unloading 1804 Unused Serialized files (Serialized files now loaded: 0)
System memory in use before: 88.1 MB.
System memory in use after: 88.1 MB.

Unloading 12 unused Assets to reduce memory usage. Loaded Objects now: 2332.
Total: 3.463100 ms (FindLiveObjects: 0.365900 ms CreateObjectMapping: 0.216500 ms MarkObjects: 2.690500 ms  DeleteObjects: 0.188300 ms)

========================================================================
Received Prepare
Registering precompiled user dll's ...
Registered in 0.001659 seconds.
Begin MonoManager ReloadAssembly
Native extension for WindowsStandalone target not found
Refreshing native plugins compatible for Editor in 0.63 ms, found 1 plugins.
Preloading 0 native plugins for Editor in 0.00 ms.
Mono: successfully reloaded assembly
- Completed reload, in  1.400 seconds
Platform modules already initialized, skipping
Refreshing native plugins compatible for Editor in 0.60 ms, found 1 plugins.
Preloading 0 native plugins for Editor in 0.00 ms.
Unloading 1804 Unused Serialized files (Serialized files now loaded: 0)
System memory in use before: 88.1 MB.
System memory in use after: 88.1 MB.

Unloading 12 unused Assets to reduce memory usage. Loaded Objects now: 2336.
Total: 3.390800 ms (FindLiveObjects: 0.362900 ms CreateObjectMapping: 0.212400 ms MarkObjects: 2.637700 ms  DeleteObjects: 0.175300 ms)

========================================================================
Received Import Request.
  Time since last request: 158.295524 seconds.
  path: Assets/Scripts/PlayerController.cs
  artifactKey: Guid(193ef2b0a8fa54046aaafa6cfc10370c) Importer(815301076,1909f56bfc062723c751e8b465ee728b)
Start importing Assets/Scripts/PlayerController.cs using Guid(193ef2b0a8fa54046aaafa6cfc10370c) Importer(815301076,1909f56bfc062723c751e8b465ee728b)  -> (artifact id: 'bcfa66aecaa174f97f88d76cbfd2cd0a') in 0.007756 seconds
  Import took 0.016930 seconds .

========================================================================
Received Prepare
Registering precompiled user dll's ...
Registered in 0.002317 seconds.
Begin MonoManager ReloadAssembly
Native extension for WindowsStandalone target not found
Refreshing native plugins compatible for Editor in 0.60 ms, found 1 plugins.
Preloading 0 native plugins for Editor in 0.00 ms.
Mono: successfully reloaded assembly
- Completed reload, in  1.832 seconds
Platform modules already initialized, skipping
Refreshing native plugins compatible for Editor in 1.49 ms, found 1 plugins.
Preloading 0 native plugins for Editor in 0.00 ms.
Unloading 1804 Unused Serialized files (Serialized files now loaded: 0)
System memory in use before: 88.1 MB.
System memory in use after: 88.1 MB.

Unloading 12 unused Assets to reduce memory usage. Loaded Objects now: 2340.
Total: 4.553300 ms (FindLiveObjects: 0.977200 ms CreateObjectMapping: 0.184800 ms MarkObjects: 3.211400 ms  DeleteObjects: 0.170600 ms)

========================================================================
Received Prepare
Registering precompiled user dll's ...
Registered in 0.001803 seconds.
Begin MonoManager ReloadAssembly
Native extension for WindowsStandalone target not found
Refreshing native plugins compatible for Editor in 1.04 ms, found 1 plugins.
Preloading 0 native plugins for Editor in 0.00 ms.
Mono: successfully reloaded assembly
- Completed reload, in  1.471 seconds
Platform modules already initialized, skipping
Refreshing native plugins compatible for Editor in 0.99 ms, found 1 plugins.
Preloading 0 native plugins for Editor in 0.00 ms.
Unloading 1804 Unused Serialized files (Serialized files now loaded: 0)
System memory in use before: 88.1 MB.
System memory in use after: 88.1 MB.

Unloading 12 unused Assets to reduce memory usage. Loaded Objects now: 2344.
Total: 3.278000 ms (FindLiveObjects: 0.399900 ms CreateObjectMapping: 0.211900 ms MarkObjects: 2.476200 ms  DeleteObjects: 0.186200 ms)

========================================================================
Received Prepare
Registering precompiled user dll's ...
Registered in 0.001751 seconds.
Begin MonoManager ReloadAssembly
Native extension for WindowsStandalone target not found
Refreshing native plugins compatible for Editor in 0.68 ms, found 1 plugins.
Preloading 0 native plugins for Editor in 0.00 ms.
Mono: successfully reloaded assembly
- Completed reload, in  1.364 seconds
Platform modules already initialized, skipping
Refreshing native plugins compatible for Editor in 0.61 ms, found 1 plugins.
Preloading 0 native plugins for Editor in 0.00 ms.
Unloading 1804 Unused Serialized files (Serialized files now loaded: 0)
System memory in use before: 88.1 MB.
System memory in use after: 88.1 MB.

Unloading 12 unused Assets to reduce memory usage. Loaded Objects now: 2348.
Total: 3.244300 ms (FindLiveObjects: 0.302000 ms CreateObjectMapping: 0.209000 ms MarkObjects: 2.555400 ms  DeleteObjects: 0.175800 ms)

========================================================================
Received Import Request.
  Time since last request: 189.268527 seconds.
  path: Assets/Character/pokemon.png
  artifactKey: Guid(7a172db28cf493e4db9d61faf40863b0) Importer(815301076,1909f56bfc062723c751e8b465ee728b)
Start importing Assets/Character/pokemon.png using Guid(7a172db28cf493e4db9d61faf40863b0) Importer(815301076,1909f56bfc062723c751e8b465ee728b)  -> (artifact id: '1b9ad3860d7e8aa0c3539a21662f0a79') in 0.120949 seconds
  Import took 0.129210 seconds .

========================================================================
Received Import Request.
  Time since last request: 7.015266 seconds.
  path: Assets/Ground/Ground.prefab
  artifactKey: Guid(2b51a8afd5d64fb42bc0e2eff9e3ada6) Importer(815301076,1909f56bfc062723c751e8b465ee728b)
Start importing Assets/Ground/Ground.prefab using Guid(2b51a8afd5d64fb42bc0e2eff9e3ada6) Importer(815301076,1909f56bfc062723c751e8b465ee728b)  -> (artifact id: 'f526053523bd681832581b01c9a787ee') in 0.027274 seconds
  Import took 0.034407 seconds .

========================================================================
Received Import Request.
  Time since last request: 0.000343 seconds.
  path: Assets/Ground/Overworld_8.asset
  artifactKey: Guid(261b36ce66f0dc940966130159733cd2) Importer(815301076,1909f56bfc062723c751e8b465ee728b)
Start importing Assets/Ground/Overworld_8.asset using Guid(261b36ce66f0dc940966130159733cd2) Importer(815301076,1909f56bfc062723c751e8b465ee728b)  -> (artifact id: '3873b5b659b3cc4cef922c75109099af') in 0.045513 seconds
  Import took 0.051733 seconds .

========================================================================
Received Import Request.
  Time since last request: 0.000368 seconds.
  path: Assets/Ground/Overworld_51.asset
  artifactKey: Guid(1f37fbd16581844438ec07bf0013cd5e) Importer(815301076,1909f56bfc062723c751e8b465ee728b)
Start importing Assets/Ground/Overworld_51.asset using Guid(1f37fbd16581844438ec07bf0013cd5e) Importer(815301076,1909f56bfc062723c751e8b465ee728b)  -> (artifact id: '7ba6978f3399eea16e638160cde0a071') in 0.018167 seconds
  Import took 0.024700 seconds .

========================================================================
Received Import Request.
  Time since last request: 0.000343 seconds.
  path: Assets/Ground/Overworld_5.asset
  artifactKey: Guid(39c5a759ea4d69648b02ebf94a9220f5) Importer(815301076,1909f56bfc062723c751e8b465ee728b)
Start importing Assets/Ground/Overworld_5.asset using Guid(39c5a759ea4d69648b02ebf94a9220f5) Importer(815301076,1909f56bfc062723c751e8b465ee728b)  -> (artifact id: 'abdf46af61cb61991eea3c31f8b52e9d') in 0.016748 seconds
  Import took 0.023543 seconds .

========================================================================
Received Import Request.
  Time since last request: 0.000333 seconds.
  path: Assets/Ground/Overworld_77.asset
  artifactKey: Guid(3755664c51ea18949840fa2fcf4153c9) Importer(815301076,1909f56bfc062723c751e8b465ee728b)
Start importing Assets/Ground/Overworld_77.asset using Guid(3755664c51ea18949840fa2fcf4153c9) Importer(815301076,1909f56bfc062723c751e8b465ee728b)  -> (artifact id: '4f4191b9c9c7ed0fbe9115cca464ad9e') in 0.017909 seconds
  Import took 0.024489 seconds .

========================================================================
Received Import Request.
  Time since last request: 0.000780 seconds.
  path: Assets/Ground/Overworld_18.asset
  artifactKey: Guid(f2a6440220c7fe94d9298972f95fa1db) Importer(815301076,1909f56bfc062723c751e8b465ee728b)
Start importing Assets/Ground/Overworld_18.asset using Guid(f2a6440220c7fe94d9298972f95fa1db) Importer(815301076,1909f56bfc062723c751e8b465ee728b)  -> (artifact id: '0ea97c7e4f3d4401547edafbbe24941e') in 0.020198 seconds
  Import took 0.027714 seconds .

========================================================================
Received Import Request.
  Time since last request: 0.000376 seconds.
  path: Assets/Ground/Overworld_76.asset
  artifactKey: Guid(4a002aa390ec41a459188bb9200b6809) Importer(815301076,1909f56bfc062723c751e8b465ee728b)
Start importing Assets/Ground/Overworld_76.asset using Guid(4a002aa390ec41a459188bb9200b6809) Importer(815301076,1909f56bfc062723c751e8b465ee728b)  -> (artifact id: 'eaaf876a97cae228db2482df1b9de791') in 0.021169 seconds
  Import took 0.028284 seconds .

========================================================================
Received Import Request.
  Time since last request: 0.000384 seconds.
  path: Assets/Ground/Overworld_78.asset
  artifactKey: Guid(7981f2991af2f5946a7ff3bb53484c85) Importer(815301076,1909f56bfc062723c751e8b465ee728b)
Start importing Assets/Ground/Overworld_78.asset using Guid(7981f2991af2f5946a7ff3bb53484c85) Importer(815301076,1909f56bfc062723c751e8b465ee728b)  -> (artifact id: '23e2e4381bbe5eed2be0c8e1b4f415c7') in 0.018563 seconds
  Import took 0.027895 seconds .

========================================================================
Received Import Request.
  Time since last request: 0.000328 seconds.
  path: Assets/Ground/Overworld_86.asset
  artifactKey: Guid(40468df2ee2bf9c44a6eb405f857d931) Importer(815301076,1909f56bfc062723c751e8b465ee728b)
Start importing Assets/Ground/Overworld_86.asset using Guid(40468df2ee2bf9c44a6eb405f857d931) Importer(815301076,1909f56bfc062723c751e8b465ee728b)  -> (artifact id: 'd4d24b9f16563fb56b0a5580f2a34b36') in 0.020338 seconds
  Import took 0.027811 seconds .

========================================================================
Received Import Request.
  Time since last request: 0.000362 seconds.
  path: Assets/Ground/Overworld_49.asset
  artifactKey: Guid(20bfc44c7fe30b2428d79092ae8dfa46) Importer(815301076,1909f56bfc062723c751e8b465ee728b)
Start importing Assets/Ground/Overworld_49.asset using Guid(20bfc44c7fe30b2428d79092ae8dfa46) Importer(815301076,1909f56bfc062723c751e8b465ee728b)  -> (artifact id: '434427678525ec6af2a08695e7e473e0') in 0.017186 seconds
  Import took 0.024213 seconds .

========================================================================
Received Import Request.
  Time since last request: 0.000311 seconds.
  path: Assets/Ground/Overworld_12.asset
  artifactKey: Guid(251b1270efdea4d44aac235001391bab) Importer(815301076,1909f56bfc062723c751e8b465ee728b)
Start importing Assets/Ground/Overworld_12.asset using Guid(251b1270efdea4d44aac235001391bab) Importer(815301076,1909f56bfc062723c751e8b465ee728b)  -> (artifact id: '0f224ad832b5f369e912b520c4eba242') in 0.020760 seconds
  Import took 0.026672 seconds .

========================================================================
Received Import Request.
  Time since last request: 0.000376 seconds.
  path: Assets/Ground/Overworld_55.asset
  artifactKey: Guid(246acd227d5996b40a0fb8735af972b3) Importer(815301076,1909f56bfc062723c751e8b465ee728b)
Start importing Assets/Ground/Overworld_55.asset using Guid(246acd227d5996b40a0fb8735af972b3) Importer(815301076,1909f56bfc062723c751e8b465ee728b)  -> (artifact id: 'ac030e33eec90342c4a051bc225421ac') in 0.019259 seconds
  Import took 0.025796 seconds .

========================================================================
Received Import Request.
  Time since last request: 0.000432 seconds.
  path: Assets/Ground/Overworld_32.asset
  artifactKey: Guid(136939b9b732af74c813840d786a9098) Importer(815301076,1909f56bfc062723c751e8b465ee728b)
Start importing Assets/Ground/Overworld_32.asset using Guid(136939b9b732af74c813840d786a9098) Importer(815301076,1909f56bfc062723c751e8b465ee728b)  -> (artifact id: 'a3b64ceecb40a73669dc751dd09c852f') in 0.016526 seconds
  Import took 0.023444 seconds .

========================================================================
Received Import Request.
  Time since last request: 0.000278 seconds.
  path: Assets/Ground/Overworld_26.asset
  artifactKey: Guid(d7ca1dff3edcfe1439adbf625de8a74c) Importer(815301076,1909f56bfc062723c751e8b465ee728b)
Start importing Assets/Ground/Overworld_26.asset using Guid(d7ca1dff3edcfe1439adbf625de8a74c) Importer(815301076,1909f56bfc062723c751e8b465ee728b)  -> (artifact id: '1c71df1365d3139ac712597bb2afde52') in 0.018744 seconds
  Import took 0.023984 seconds .

========================================================================
Received Import Request.
  Time since last request: 0.000313 seconds.
  path: Assets/Ground/Overworld_59.asset
  artifactKey: Guid(aab7b5e081531ed458f46dc846af87c7) Importer(815301076,1909f56bfc062723c751e8b465ee728b)
Start importing Assets/Ground/Overworld_59.asset using Guid(aab7b5e081531ed458f46dc846af87c7) Importer(815301076,1909f56bfc062723c751e8b465ee728b)  -> (artifact id: '48161ad7bfb9ccf3032726c459e4601d') in 0.015419 seconds
  Import took 0.022482 seconds .

========================================================================
Received Import Request.
  Time since last request: 0.000305 seconds.
  path: Assets/Ground/Overworld_79.asset
  artifactKey: Guid(ac706f24d54be0849b986662eb677612) Importer(815301076,1909f56bfc062723c751e8b465ee728b)
Start importing Assets/Ground/Overworld_79.asset using Guid(ac706f24d54be0849b986662eb677612) Importer(815301076,1909f56bfc062723c751e8b465ee728b)  -> (artifact id: '1c735995473084a189fcd2c09d159c8c') in 0.036265 seconds
  Import took 0.042067 seconds .

========================================================================
Received Import Request.
  Time since last request: 0.000287 seconds.
  path: Assets/Ground/Overworld_46.asset
  artifactKey: Guid(142dfa14b3f484c40831d8078edcbdfd) Importer(815301076,1909f56bfc062723c751e8b465ee728b)
Start importing Assets/Ground/Overworld_46.asset using Guid(142dfa14b3f484c40831d8078edcbdfd) Importer(815301076,1909f56bfc062723c751e8b465ee728b)  -> (artifact id: '75525d6a1c78ecec3f713eb2fa2623c3') in 0.015527 seconds
  Import took 0.021812 seconds .

========================================================================
Received Import Request.
  Time since last request: 0.000377 seconds.
  path: Assets/Ground/Overworld_37.asset
  artifactKey: Guid(a67a2863e3613b84fb33d9e017036def) Importer(815301076,1909f56bfc062723c751e8b465ee728b)
Start importing Assets/Ground/Overworld_37.asset using Guid(a67a2863e3613b84fb33d9e017036def) Importer(815301076,1909f56bfc062723c751e8b465ee728b)  -> (artifact id: '95ee224ef611a9f8721e3c55f0a6257e') in 0.018760 seconds
  Import took 0.026036 seconds .

========================================================================
Received Import Request.
  Time since last request: 0.000322 seconds.
  path: Assets/Ground/Overworld_41.asset
  artifactKey: Guid(44127e5ad209f6b45a7a7694b21c36d7) Importer(815301076,1909f56bfc062723c751e8b465ee728b)
Start importing Assets/Ground/Overworld_41.asset using Guid(44127e5ad209f6b45a7a7694b21c36d7) Importer(815301076,1909f56bfc062723c751e8b465ee728b)  -> (artifact id: 'f1892b4695619e6b1e739dbf027dcb85') in 0.015745 seconds
  Import took 0.022508 seconds .

========================================================================
Received Import Request.
  Time since last request: 0.000584 seconds.
  path: Assets/Ground/Overworld_2.asset
  artifactKey: Guid(7d83f89273323434db231f03bd007ac9) Importer(815301076,1909f56bfc062723c751e8b465ee728b)
Start importing Assets/Ground/Overworld_2.asset using Guid(7d83f89273323434db231f03bd007ac9) Importer(815301076,1909f56bfc062723c751e8b465ee728b)  -> (artifact id: '849b323edff89f742b280a88b90e4337') in 0.016072 seconds
  Import took 0.022434 seconds .

========================================================================
Received Import Request.
  Time since last request: 0.000370 seconds.
  path: Assets/Ground/Overworld_54.asset
  artifactKey: Guid(3d7ba317fcaa5164aaffd01b3a3f9d12) Importer(815301076,1909f56bfc062723c751e8b465ee728b)
Start importing Assets/Ground/Overworld_54.asset using Guid(3d7ba317fcaa5164aaffd01b3a3f9d12) Importer(815301076,1909f56bfc062723c751e8b465ee728b)  -> (artifact id: '116525fa13265bd29def737bd3952ca9') in 0.017408 seconds
  Import took 0.023750 seconds .

========================================================================
Received Import Request.
  Time since last request: 0.000327 seconds.
  path: Assets/Ground/Overworld_89.asset
  artifactKey: Guid(0ed13f74ca0e7164ea608dcc034fef07) Importer(815301076,1909f56bfc062723c751e8b465ee728b)
Start importing Assets/Ground/Overworld_89.asset using Guid(0ed13f74ca0e7164ea608dcc034fef07) Importer(815301076,1909f56bfc062723c751e8b465ee728b)  -> (artifact id: 'd23cccff2cd4e9932f8ea0949a557b13') in 0.016538 seconds
  Import took 0.021854 seconds .

========================================================================
Received Import Request.
  Time since last request: 0.000303 seconds.
  path: Assets/Ground/Overworld_13.asset
  artifactKey: Guid(204495bcc6de34c4fb424b512cdb28e9) Importer(815301076,1909f56bfc062723c751e8b465ee728b)
Start importing Assets/Ground/Overworld_13.asset using Guid(204495bcc6de34c4fb424b512cdb28e9) Importer(815301076,1909f56bfc062723c751e8b465ee728b)  -> (artifact id: 'ced631cfa9c047b918ce230fa2966249') in 0.018098 seconds
  Import took 0.026290 seconds .

========================================================================
Received Import Request.
  Time since last request: 0.000303 seconds.
  path: Assets/Ground/Overworld_66.asset
  artifactKey: Guid(c4ce0ac76cc44f543a9a542dc696c92f) Importer(815301076,1909f56bfc062723c751e8b465ee728b)
Start importing Assets/Ground/Overworld_66.asset using Guid(c4ce0ac76cc44f543a9a542dc696c92f) Importer(815301076,1909f56bfc062723c751e8b465ee728b)  -> (artifact id: '2780410ba2cc5bae40ff73fb2cee0052') in 0.019277 seconds
  Import took 0.025546 seconds .

========================================================================
Received Import Request.
  Time since last request: 0.000338 seconds.
  path: Assets/Ground/Overworld_64.asset
  artifactKey: Guid(d370293a015b049449ee548e675c25c7) Importer(815301076,1909f56bfc062723c751e8b465ee728b)
Start importing Assets/Ground/Overworld_64.asset using Guid(d370293a015b049449ee548e675c25c7) Importer(815301076,1909f56bfc062723c751e8b465ee728b)  -> (artifact id: 'b097248749cef9ae8df649afbb7a852f') in 0.017280 seconds
  Import took 0.023932 seconds .

========================================================================
Received Import Request.
  Time since last request: 0.000508 seconds.
  path: Assets/Ground/Overworld_91.asset
  artifactKey: Guid(0e8ad5c5a085d5d4299fec26b0eee3c9) Importer(815301076,1909f56bfc062723c751e8b465ee728b)
Start importing Assets/Ground/Overworld_91.asset using Guid(0e8ad5c5a085d5d4299fec26b0eee3c9) Importer(815301076,1909f56bfc062723c751e8b465ee728b)  -> (artifact id: 'ff1c451e7e8d5586b595c41fbe56a8b3') in 0.015474 seconds
  Import took 0.023188 seconds .

========================================================================
Received Import Request.
  Time since last request: 0.000287 seconds.
  path: Assets/Ground/Overworld_6.asset
  artifactKey: Guid(8c4cdc6b6feb9474baba52da95baf9c7) Importer(815301076,1909f56bfc062723c751e8b465ee728b)
Start importing Assets/Ground/Overworld_6.asset using Guid(8c4cdc6b6feb9474baba52da95baf9c7) Importer(815301076,1909f56bfc062723c751e8b465ee728b)  -> (artifact id: '058bd4d40f3f514d4463bbbe8df28b0f') in 0.015440 seconds
  Import took 0.021316 seconds .

========================================================================
Received Import Request.
  Time since last request: 0.000348 seconds.
  path: Assets/Ground/Overworld_94.asset
  artifactKey: Guid(8fcaa24f60b352242aa57815fe11ba86) Importer(815301076,1909f56bfc062723c751e8b465ee728b)
Start importing Assets/Ground/Overworld_94.asset using Guid(8fcaa24f60b352242aa57815fe11ba86) Importer(815301076,1909f56bfc062723c751e8b465ee728b)  -> (artifact id: 'd524bc1cbcf371bdf43364eeea56cea3') in 0.020088 seconds
  Import took 0.030668 seconds .

========================================================================
Received Import Request.
  Time since last request: 0.000519 seconds.
  path: Assets/Ground/Overworld_11.asset
  artifactKey: Guid(158ac140916f7064bb64e964854f0f6a) Importer(815301076,1909f56bfc062723c751e8b465ee728b)
Start importing Assets/Ground/Overworld_11.asset using Guid(158ac140916f7064bb64e964854f0f6a) Importer(815301076,1909f56bfc062723c751e8b465ee728b)  -> (artifact id: '6816178298f98d6b265be5ad11aed97f') in 0.017769 seconds
  Import took 0.027706 seconds .

========================================================================
Received Import Request.
  Time since last request: 0.000382 seconds.
  path: Assets/Ground/Overworld_93.asset
  artifactKey: Guid(ae3570e0307dbca43ae627ad334c0462) Importer(815301076,1909f56bfc062723c751e8b465ee728b)
Start importing Assets/Ground/Overworld_93.asset using Guid(ae3570e0307dbca43ae627ad334c0462) Importer(815301076,1909f56bfc062723c751e8b465ee728b)  -> (artifact id: '0d1e55e9bc849aebd3361cac6b092866') in 0.015140 seconds
  Import took 0.021004 seconds .

========================================================================
Received Import Request.
  Time since last request: 0.000310 seconds.
  path: Assets/Ground/Overworld_4.asset
  artifactKey: Guid(207733430f85bd24c9376064f6a7be00) Importer(815301076,1909f56bfc062723c751e8b465ee728b)
Start importing Assets/Ground/Overworld_4.asset using Guid(207733430f85bd24c9376064f6a7be00) Importer(815301076,1909f56bfc062723c751e8b465ee728b)  -> (artifact id: '338b93037fbc54db07080f9b7cb38de0') in 0.017734 seconds
  Import took 0.023695 seconds .

========================================================================
Received Import Request.
  Time since last request: 0.000652 seconds.
  path: Assets/Ground/Overworld_43.asset
  artifactKey: Guid(667fcf402359a414f9037909def0e182) Importer(815301076,1909f56bfc062723c751e8b465ee728b)
Start importing Assets/Ground/Overworld_43.asset using Guid(667fcf402359a414f9037909def0e182) Importer(815301076,1909f56bfc062723c751e8b465ee728b)  -> (artifact id: 'd439da8b886c568bbfba082a86e7cf61') in 0.019637 seconds
  Import took 0.027329 seconds .

========================================================================
Received Import Request.
  Time since last request: 0.000330 seconds.
  path: Assets/Ground/Overworld_57.asset
  artifactKey: Guid(22b89c36017144e4b822f5b61b803d97) Importer(815301076,1909f56bfc062723c751e8b465ee728b)
Start importing Assets/Ground/Overworld_57.asset using Guid(22b89c36017144e4b822f5b61b803d97) Importer(815301076,1909f56bfc062723c751e8b465ee728b)  -> (artifact id: '9cedbeca8dafeef1f44d4b478dd853b4') in 0.016863 seconds
  Import took 0.023029 seconds .

========================================================================
Received Import Request.
  Time since last request: 0.000445 seconds.
  path: Assets/Ground/Overworld_80.asset
  artifactKey: Guid(6bb0c4977beddd5458dc8af3ef13a599) Importer(815301076,1909f56bfc062723c751e8b465ee728b)
Start importing Assets/Ground/Overworld_80.asset using Guid(6bb0c4977beddd5458dc8af3ef13a599) Importer(815301076,1909f56bfc062723c751e8b465ee728b)  -> (artifact id: '9e7947d25724e3203326c3fb9f31e34a') in 0.016860 seconds
  Import took 0.023575 seconds .

========================================================================
Received Import Request.
  Time since last request: 0.000305 seconds.
  path: Assets/Ground/Overworld_56.asset
  artifactKey: Guid(27ee0d2f0f7afed45b2f3ee7aa679c54) Importer(815301076,1909f56bfc062723c751e8b465ee728b)
Start importing Assets/Ground/Overworld_56.asset using Guid(27ee0d2f0f7afed45b2f3ee7aa679c54) Importer(815301076,1909f56bfc062723c751e8b465ee728b)  -> (artifact id: '48fe2ce6ee961401f35e225378cc5310') in 0.014534 seconds
  Import took 0.020253 seconds .

========================================================================
Received Import Request.
  Time since last request: 0.000288 seconds.
  path: Assets/Ground/Overworld_52.asset
  artifactKey: Guid(87a342b70f306a64b980ab27784c7225) Importer(815301076,1909f56bfc062723c751e8b465ee728b)
Start importing Assets/Ground/Overworld_52.asset using Guid(87a342b70f306a64b980ab27784c7225) Importer(815301076,1909f56bfc062723c751e8b465ee728b)  -> (artifact id: '703022aa8a7e4265fd842632670a8721') in 0.017580 seconds
  Import took 0.023804 seconds .

========================================================================
Received Import Request.
  Time since last request: 0.000449 seconds.
  path: Assets/Ground/Overworld_92.asset
  artifactKey: Guid(8384eb5442502464f8dd8374fcfebc51) Importer(815301076,1909f56bfc062723c751e8b465ee728b)
Start importing Assets/Ground/Overworld_92.asset using Guid(8384eb5442502464f8dd8374fcfebc51) Importer(815301076,1909f56bfc062723c751e8b465ee728b)  -> (artifact id: '6eaeeb07bcec84dde2a40cd7639065d0') in 0.017375 seconds
  Import took 0.023083 seconds .

========================================================================
Received Import Request.
  Time since last request: 0.000324 seconds.
  path: Assets/Ground/Overworld_27.asset
  artifactKey: Guid(2e70e90469bee224f98e9aa2b4ce3b2d) Importer(815301076,1909f56bfc062723c751e8b465ee728b)
Start importing Assets/Ground/Overworld_27.asset using Guid(2e70e90469bee224f98e9aa2b4ce3b2d) Importer(815301076,1909f56bfc062723c751e8b465ee728b)  -> (artifact id: '9dd736e86ad22e72adbc59a9db72cd3b') in 0.023359 seconds
  Import took 0.029739 seconds .

========================================================================
Received Import Request.
  Time since last request: 0.000717 seconds.
  path: Assets/Ground/Overworld_15.asset
  artifactKey: Guid(98ee110b9eb3f50469e2dd7f46cc3523) Importer(815301076,1909f56bfc062723c751e8b465ee728b)
Start importing Assets/Ground/Overworld_15.asset using Guid(98ee110b9eb3f50469e2dd7f46cc3523) Importer(815301076,1909f56bfc062723c751e8b465ee728b)  -> (artifact id: '395c2248bc4b2aeb0cd2e0106a5d60a7') in 0.017923 seconds
  Import took 0.024657 seconds .

========================================================================
Received Import Request.
  Time since last request: 0.000351 seconds.
  path: Assets/Ground/Overworld_20.asset
  artifactKey: Guid(ea3952459f2d7864f94b21b187bdf6c0) Importer(815301076,1909f56bfc062723c751e8b465ee728b)
Start importing Assets/Ground/Overworld_20.asset using Guid(ea3952459f2d7864f94b21b187bdf6c0) Importer(815301076,1909f56bfc062723c751e8b465ee728b)  -> (artifact id: '6960959ecb6674df59e37a1e828162b2') in 0.016986 seconds
  Import took 0.025550 seconds .

========================================================================
Received Import Request.
  Time since last request: 0.000344 seconds.
  path: Assets/Ground/Overworld_23.asset
  artifactKey: Guid(4fa9d1b0dc8a0a843bc04afdc6f225d9) Importer(815301076,1909f56bfc062723c751e8b465ee728b)
Start importing Assets/Ground/Overworld_23.asset using Guid(4fa9d1b0dc8a0a843bc04afdc6f225d9) Importer(815301076,1909f56bfc062723c751e8b465ee728b)  -> (artifact id: 'ef51dded5382a50badee73df02b28aeb') in 0.016997 seconds
  Import took 0.025038 seconds .

========================================================================
Received Import Request.
  Time since last request: 0.000367 seconds.
  path: Assets/Ground/Overworld_95.asset
  artifactKey: Guid(1aaa8c0a29cd03b4e8f63e416c85ecf9) Importer(815301076,1909f56bfc062723c751e8b465ee728b)
Start importing Assets/Ground/Overworld_95.asset using Guid(1aaa8c0a29cd03b4e8f63e416c85ecf9) Importer(815301076,1909f56bfc062723c751e8b465ee728b)  -> (artifact id: '64c95e1c5ec57f47a5d4754b5e19908a') in 0.020648 seconds
  Import took 0.029645 seconds .

========================================================================
Received Import Request.
  Time since last request: 0.000349 seconds.
  path: Assets/Ground/Overworld_34.asset
  artifactKey: Guid(b5a96799d7e49c84eb1a6d4a25a10ed5) Importer(815301076,1909f56bfc062723c751e8b465ee728b)
Start importing Assets/Ground/Overworld_34.asset using Guid(b5a96799d7e49c84eb1a6d4a25a10ed5) Importer(815301076,1909f56bfc062723c751e8b465ee728b)  -> (artifact id: '33b65384296939f234ea8a0d50294634') in 0.020261 seconds
  Import took 0.027348 seconds .

========================================================================
Received Import Request.
  Time since last request: 0.000341 seconds.
  path: Assets/Ground/Overworld_10.asset
  artifactKey: Guid(8fc9c274b5ad4fb4a8615a693fe8a1af) Importer(815301076,1909f56bfc062723c751e8b465ee728b)
Start importing Assets/Ground/Overworld_10.asset using Guid(8fc9c274b5ad4fb4a8615a693fe8a1af) Importer(815301076,1909f56bfc062723c751e8b465ee728b)  -> (artifact id: 'ddbfff0103d2d211434ee46321457452') in 0.016898 seconds
  Import took 0.024551 seconds .

========================================================================
Received Import Request.
  Time since last request: 0.000442 seconds.
  path: Assets/Ground/Overworld_71.asset
  artifactKey: Guid(a449f018e636e524a9cb5154928f80ec) Importer(815301076,1909f56bfc062723c751e8b465ee728b)
Start importing Assets/Ground/Overworld_71.asset using Guid(a449f018e636e524a9cb5154928f80ec) Importer(815301076,1909f56bfc062723c751e8b465ee728b)  -> (artifact id: 'c66eedf152887b52b3e5844df70aebcd') in 0.017358 seconds
  Import took 0.025264 seconds .

========================================================================
Received Import Request.
  Time since last request: 0.000416 seconds.
  path: Assets/Ground/Overworld_35.asset
  artifactKey: Guid(03a4aa46592e9ed4e8811dfe9d4ee7f8) Importer(815301076,1909f56bfc062723c751e8b465ee728b)
Start importing Assets/Ground/Overworld_35.asset using Guid(03a4aa46592e9ed4e8811dfe9d4ee7f8) Importer(815301076,1909f56bfc062723c751e8b465ee728b)  -> (artifact id: '53899e0afe54bbef0d1b8567df16e466') in 0.018825 seconds
  Import took 0.028693 seconds .

========================================================================
Received Import Request.
  Time since last request: 0.000430 seconds.
  path: Assets/Ground/Overworld_3.asset
  artifactKey: Guid(47e20c02fe549d044afb49ea0484cbe9) Importer(815301076,1909f56bfc062723c751e8b465ee728b)
Start importing Assets/Ground/Overworld_3.asset using Guid(47e20c02fe549d044afb49ea0484cbe9) Importer(815301076,1909f56bfc062723c751e8b465ee728b)  -> (artifact id: 'f563b55e05e5d6f96ffaae12813ff656') in 0.019978 seconds
  Import took 0.029152 seconds .

========================================================================
Received Import Request.
  Time since last request: 0.000392 seconds.
  path: Assets/Ground/Overworld_21.asset
  artifactKey: Guid(91b4a7c0aae277e43a219da36d18d407) Importer(815301076,1909f56bfc062723c751e8b465ee728b)
Start importing Assets/Ground/Overworld_21.asset using Guid(91b4a7c0aae277e43a219da36d18d407) Importer(815301076,1909f56bfc062723c751e8b465ee728b)  -> (artifact id: '399a75356582b4abf665401ce8d38b0f') in 0.019706 seconds
  Import took 0.026730 seconds .

========================================================================
Received Import Request.
  Time since last request: 0.000337 seconds.
  path: Assets/Ground/Overworld_63.asset
  artifactKey: Guid(bce510c3ab6637e42b62d35c501b3008) Importer(815301076,1909f56bfc062723c751e8b465ee728b)
Start importing Assets/Ground/Overworld_63.asset using Guid(bce510c3ab6637e42b62d35c501b3008) Importer(815301076,1909f56bfc062723c751e8b465ee728b)  -> (artifact id: '224513ddecbe8fd3884e05cf646859d9') in 0.016785 seconds
  Import took 0.024344 seconds .

========================================================================
Received Import Request.
  Time since last request: 0.000367 seconds.
  path: Assets/Ground/Overworld_70.asset
  artifactKey: Guid(60754ce53e67f224ebe3152bdb8731ef) Importer(815301076,1909f56bfc062723c751e8b465ee728b)
Start importing Assets/Ground/Overworld_70.asset using Guid(60754ce53e67f224ebe3152bdb8731ef) Importer(815301076,1909f56bfc062723c751e8b465ee728b)  -> (artifact id: '2dd6ac3701aa7cb3eb4850b6dc993707') in 0.020073 seconds
  Import took 0.028107 seconds .

========================================================================
Received Import Request.
  Time since last request: 0.000363 seconds.
  path: Assets/Ground/Overworld_17.asset
  artifactKey: Guid(2eb88db3295025c46a56660ddabff04e) Importer(815301076,1909f56bfc062723c751e8b465ee728b)
Start importing Assets/Ground/Overworld_17.asset using Guid(2eb88db3295025c46a56660ddabff04e) Importer(815301076,1909f56bfc062723c751e8b465ee728b)  -> (artifact id: '32a5a81634f290d35ee014583e45fa0b') in 0.019855 seconds
  Import took 0.027560 seconds .

========================================================================
Received Import Request.
  Time since last request: 0.000361 seconds.
  path: Assets/Ground/Overworld_65.asset
  artifactKey: Guid(42bc27901cde58542b1983d3e6049f91) Importer(815301076,1909f56bfc062723c751e8b465ee728b)
Start importing Assets/Ground/Overworld_65.asset using Guid(42bc27901cde58542b1983d3e6049f91) Importer(815301076,1909f56bfc062723c751e8b465ee728b)  -> (artifact id: '14724b5367c89cbf543e55a711fa3632') in 0.017986 seconds
  Import took 0.026232 seconds .

========================================================================
Received Import Request.
  Time since last request: 0.000329 seconds.
  path: Assets/Ground/Overworld_48.asset
  artifactKey: Guid(47732b1eaaa9ec14c8a75e69ac651e40) Importer(815301076,1909f56bfc062723c751e8b465ee728b)
Start importing Assets/Ground/Overworld_48.asset using Guid(47732b1eaaa9ec14c8a75e69ac651e40) Importer(815301076,1909f56bfc062723c751e8b465ee728b)  -> (artifact id: '2518863c456d640c9f1f8749a045928a') in 0.018346 seconds
  Import took 0.025461 seconds .

========================================================================
Received Import Request.
  Time since last request: 0.000370 seconds.
  path: Assets/Ground/Overworld_38.asset
  artifactKey: Guid(10bb693b66b017f4a97fc73ad2ddd4e1) Importer(815301076,1909f56bfc062723c751e8b465ee728b)
Start importing Assets/Ground/Overworld_38.asset using Guid(10bb693b66b017f4a97fc73ad2ddd4e1) Importer(815301076,1909f56bfc062723c751e8b465ee728b)  -> (artifact id: '977d68e6d790ea7e56cac29ee97874ef') in 0.017634 seconds
  Import took 0.026183 seconds .

========================================================================
Received Import Request.
  Time since last request: 0.000369 seconds.
  path: Assets/Ground/Overworld_44.asset
  artifactKey: Guid(4808644ecbc2e5b48abf61540285676d) Importer(815301076,1909f56bfc062723c751e8b465ee728b)
Start importing Assets/Ground/Overworld_44.asset using Guid(4808644ecbc2e5b48abf61540285676d) Importer(815301076,1909f56bfc062723c751e8b465ee728b)  -> (artifact id: '36894a23ca1951f8d979130a29bb6bf3') in 0.020599 seconds
  Import took 0.027413 seconds .

========================================================================
Received Import Request.
  Time since last request: 0.000361 seconds.
  path: Assets/Ground/Overworld_33.asset
  artifactKey: Guid(2878519bbd2ea2842adb8eea6b281310) Importer(815301076,1909f56bfc062723c751e8b465ee728b)
Start importing Assets/Ground/Overworld_33.asset using Guid(2878519bbd2ea2842adb8eea6b281310) Importer(815301076,1909f56bfc062723c751e8b465ee728b)  -> (artifact id: '3af4d32e3ecb5b8040aca2b280964fd8') in 0.020949 seconds
  Import took 0.032870 seconds .

========================================================================
Received Import Request.
  Time since last request: 0.000430 seconds.
  path: Assets/Ground/Overworld_24.asset
  artifactKey: Guid(e3afaa809bd1f0b46b3243d3394398d8) Importer(815301076,1909f56bfc062723c751e8b465ee728b)
Start importing Assets/Ground/Overworld_24.asset using Guid(e3afaa809bd1f0b46b3243d3394398d8) Importer(815301076,1909f56bfc062723c751e8b465ee728b)  -> (artifact id: '21a09d83bb90c9929fcebf40988389c2') in 0.062675 seconds
  Import took 0.087802 seconds .

========================================================================
Received Import Request.
  Time since last request: 0.000433 seconds.
  path: Assets/Ground/Overworld_58.asset
  artifactKey: Guid(bd43d24e34e293348ad0485d48df58db) Importer(815301076,1909f56bfc062723c751e8b465ee728b)
Start importing Assets/Ground/Overworld_58.asset using Guid(bd43d24e34e293348ad0485d48df58db) Importer(815301076,1909f56bfc062723c751e8b465ee728b)  -> (artifact id: 'b3c591d0e55f35c059c48270c4d9ad28') in 0.047400 seconds
  Import took 0.057130 seconds .

========================================================================
Received Import Request.
  Time since last request: 0.000636 seconds.
  path: Assets/Ground/Overworld_9.asset
  artifactKey: Guid(512987891eb584a49bd789f6ee736dc5) Importer(815301076,1909f56bfc062723c751e8b465ee728b)
Start importing Assets/Ground/Overworld_9.asset using Guid(512987891eb584a49bd789f6ee736dc5) Importer(815301076,1909f56bfc062723c751e8b465ee728b)  -> (artifact id: 'd9afd6f4caffd99ba734826016d0fd98') in 0.023923 seconds
  Import took 0.034657 seconds .

========================================================================
Received Import Request.
  Time since last request: 0.000418 seconds.
  path: Assets/Ground/Overworld_14.asset
  artifactKey: Guid(ba4282d07ed5770408e9f1e9830b4ae8) Importer(815301076,1909f56bfc062723c751e8b465ee728b)
Start importing Assets/Ground/Overworld_14.asset using Guid(ba4282d07ed5770408e9f1e9830b4ae8) Importer(815301076,1909f56bfc062723c751e8b465ee728b)  -> (artifact id: '4ee587cb0d09ebc61bb48031815c88fe') in 0.025743 seconds
  Import took 0.035377 seconds .

========================================================================
Received Import Request.
  Time since last request: 0.000413 seconds.
  path: Assets/Ground/Overworld_75.asset
  artifactKey: Guid(2ff66cb9e6119b141b155a652da776c4) Importer(815301076,1909f56bfc062723c751e8b465ee728b)
Start importing Assets/Ground/Overworld_75.asset using Guid(2ff66cb9e6119b141b155a652da776c4) Importer(815301076,1909f56bfc062723c751e8b465ee728b)  -> (artifact id: 'fec9988078d6b8c6d3b6e7038fd50a01') in 0.021465 seconds
  Import took 0.030669 seconds .

========================================================================
Received Import Request.
  Time since last request: 0.000540 seconds.
  path: Assets/Ground/Overworld_73.asset
  artifactKey: Guid(ec442e3473c8591448105b48e47df38e) Importer(815301076,1909f56bfc062723c751e8b465ee728b)
Start importing Assets/Ground/Overworld_73.asset using Guid(ec442e3473c8591448105b48e47df38e) Importer(815301076,1909f56bfc062723c751e8b465ee728b)  -> (artifact id: '3ee4d7cef226ce276e53e272518d0fdb') in 0.018755 seconds
  Import took 0.026154 seconds .

========================================================================
Received Import Request.
  Time since last request: 0.000327 seconds.
  path: Assets/Ground/Overworld_1.asset
  artifactKey: Guid(f929da77ff15758418e8d9b1f7898da1) Importer(815301076,1909f56bfc062723c751e8b465ee728b)
Start importing Assets/Ground/Overworld_1.asset using Guid(f929da77ff15758418e8d9b1f7898da1) Importer(815301076,1909f56bfc062723c751e8b465ee728b)  -> (artifact id: '7682d524bb740f35ff9e30efd71fe8ba') in 0.021562 seconds
  Import took 0.029671 seconds .

========================================================================
Received Import Request.
  Time since last request: 0.000351 seconds.
  path: Assets/Ground/Overworld_53.asset
  artifactKey: Guid(b0992e4e489fce944826175486938984) Importer(815301076,1909f56bfc062723c751e8b465ee728b)
Start importing Assets/Ground/Overworld_53.asset using Guid(b0992e4e489fce944826175486938984) Importer(815301076,1909f56bfc062723c751e8b465ee728b)  -> (artifact id: '72a091fe287b3638bc116e7adcc5587f') in 0.016796 seconds
  Import took 0.025706 seconds .

========================================================================
Received Import Request.
  Time since last request: 0.000285 seconds.
  path: Assets/Ground/Overworld_39.asset
  artifactKey: Guid(47011e20c50ad7949901acf16b8c4dd4) Importer(815301076,1909f56bfc062723c751e8b465ee728b)
Start importing Assets/Ground/Overworld_39.asset using Guid(47011e20c50ad7949901acf16b8c4dd4) Importer(815301076,1909f56bfc062723c751e8b465ee728b)  -> (artifact id: '46b56e3fffd2b389eb7ef128f329305b') in 0.015643 seconds
  Import took 0.021199 seconds .

========================================================================
Received Import Request.
  Time since last request: 0.000321 seconds.
  path: Assets/Ground/Overworld_36.asset
  artifactKey: Guid(4ec27ad5d69d7a54188b8b4384e9f0e6) Importer(815301076,1909f56bfc062723c751e8b465ee728b)
Start importing Assets/Ground/Overworld_36.asset using Guid(4ec27ad5d69d7a54188b8b4384e9f0e6) Importer(815301076,1909f56bfc062723c751e8b465ee728b)  -> (artifact id: '313b2e433bfa393dc36e7d7e41adaf34') in 0.017702 seconds
  Import took 0.026422 seconds .

========================================================================
Received Import Request.
  Time since last request: 0.000341 seconds.
  path: Assets/Ground/Overworld_88.asset
  artifactKey: Guid(26fcae68ec625cf4989b50c7497c217e) Importer(815301076,1909f56bfc062723c751e8b465ee728b)
Start importing Assets/Ground/Overworld_88.asset using Guid(26fcae68ec625cf4989b50c7497c217e) Importer(815301076,1909f56bfc062723c751e8b465ee728b)  -> (artifact id: '4e6e51c104d70063d638816427abd1f4') in 0.015703 seconds
  Import took 0.022048 seconds .

========================================================================
Received Import Request.
  Time since last request: 0.000328 seconds.
  path: Assets/Ground/Overworld_67.asset
  artifactKey: Guid(4684777be075ed94e8fb1a060dc5acee) Importer(815301076,1909f56bfc062723c751e8b465ee728b)
Start importing Assets/Ground/Overworld_67.asset using Guid(4684777be075ed94e8fb1a060dc5acee) Importer(815301076,1909f56bfc062723c751e8b465ee728b)  -> (artifact id: '2b8c0aeba8df68e7dd0f1c739d1e2bf5') in 0.016606 seconds
  Import took 0.022234 seconds .

========================================================================
Received Import Request.
  Time since last request: 0.000325 seconds.
  path: Assets/Ground/Overworld_7.asset
  artifactKey: Guid(9b7bc788848a0694aa29915c3e86549d) Importer(815301076,1909f56bfc062723c751e8b465ee728b)
Start importing Assets/Ground/Overworld_7.asset using Guid(9b7bc788848a0694aa29915c3e86549d) Importer(815301076,1909f56bfc062723c751e8b465ee728b)  -> (artifact id: 'ace3fd2c671427d478db5ff936cb80fb') in 0.057306 seconds
  Import took 0.065399 seconds .

========================================================================
Received Import Request.
  Time since last request: 0.000295 seconds.
  path: Assets/Ground/Overworld_68.asset
  artifactKey: Guid(e34bc228e726e004fbed0b480f294e7b) Importer(815301076,1909f56bfc062723c751e8b465ee728b)
Start importing Assets/Ground/Overworld_68.asset using Guid(e34bc228e726e004fbed0b480f294e7b) Importer(815301076,1909f56bfc062723c751e8b465ee728b)  -> (artifact id: 'b57d674ff9ba9a871454c21ac93edbe4') in 0.028256 seconds
  Import took 0.039474 seconds .

========================================================================
Received Import Request.
  Time since last request: 0.001561 seconds.
  path: Assets/Ground/Overworld_28.asset
  artifactKey: Guid(90efd3176690d03449849bb6475f0a59) Importer(815301076,1909f56bfc062723c751e8b465ee728b)
Start importing Assets/Ground/Overworld_28.asset using Guid(90efd3176690d03449849bb6475f0a59) Importer(815301076,1909f56bfc062723c751e8b465ee728b)  -> (artifact id: 'eab2b308089e755537e41bb97e6accea') in 0.029606 seconds
  Import took 0.040431 seconds .

========================================================================
Received Import Request.
  Time since last request: 0.000449 seconds.
  path: Assets/Ground/Overworld_31.asset
  artifactKey: Guid(efb4df9d1b6793943bba0ec8535f1c26) Importer(815301076,1909f56bfc062723c751e8b465ee728b)
Start importing Assets/Ground/Overworld_31.asset using Guid(efb4df9d1b6793943bba0ec8535f1c26) Importer(815301076,1909f56bfc062723c751e8b465ee728b)  -> (artifact id: '68c46d253fa0a4d48529b71775f4f948') in 0.015455 seconds
  Import took 0.024398 seconds .

========================================================================
Received Import Request.
  Time since last request: 0.000325 seconds.
  path: Assets/Ground/Overworld_69.asset
  artifactKey: Guid(0526a2d0e050bc945bc6238a710eb923) Importer(815301076,1909f56bfc062723c751e8b465ee728b)
Start importing Assets/Ground/Overworld_69.asset using Guid(0526a2d0e050bc945bc6238a710eb923) Importer(815301076,1909f56bfc062723c751e8b465ee728b)  -> (artifact id: '99da6d03880e8fc0ebbf345aec3c1eae') in 0.017495 seconds
  Import took 0.024013 seconds .

========================================================================
Received Import Request.
  Time since last request: 0.000303 seconds.
  path: Assets/Ground/Overworld_25.asset
  artifactKey: Guid(44275b4c1ca8c6940bf2cfcd41609e76) Importer(815301076,1909f56bfc062723c751e8b465ee728b)
Start importing Assets/Ground/Overworld_25.asset using Guid(44275b4c1ca8c6940bf2cfcd41609e76) Importer(815301076,1909f56bfc062723c751e8b465ee728b)  -> (artifact id: '91c0e454078f3c965ff78f95ed077e03') in 0.015584 seconds
  Import took 0.021250 seconds .

========================================================================
Received Import Request.
  Time since last request: 0.000278 seconds.
  path: Assets/Ground/Overworld_45.asset
  artifactKey: Guid(a7b9ae0dbc316fb4dae0e75314bfbeff) Importer(815301076,1909f56bfc062723c751e8b465ee728b)
Start importing Assets/Ground/Overworld_45.asset using Guid(a7b9ae0dbc316fb4dae0e75314bfbeff) Importer(815301076,1909f56bfc062723c751e8b465ee728b)  -> (artifact id: '7d3c2f1b1deaea501a84ce082136c01d') in 0.013936 seconds
  Import took 0.019486 seconds .

========================================================================
Received Import Request.
  Time since last request: 0.000288 seconds.
  path: Assets/Ground/Overworld_42.asset
  artifactKey: Guid(c0736b57321d50c48ba7925e35426c9e) Importer(815301076,1909f56bfc062723c751e8b465ee728b)
Start importing Assets/Ground/Overworld_42.asset using Guid(c0736b57321d50c48ba7925e35426c9e) Importer(815301076,1909f56bfc062723c751e8b465ee728b)  -> (artifact id: '7963587d05ade169b1991503e76fcb70') in 0.015920 seconds
  Import took 0.022230 seconds .

========================================================================
Received Import Request.
  Time since last request: 0.000300 seconds.
  path: Assets/Ground/Overworld_87.asset
  artifactKey: Guid(c2ea21bcba4f14449979749677acb596) Importer(815301076,1909f56bfc062723c751e8b465ee728b)
Start importing Assets/Ground/Overworld_87.asset using Guid(c2ea21bcba4f14449979749677acb596) Importer(815301076,1909f56bfc062723c751e8b465ee728b)  -> (artifact id: '8914d1f62ff9bbe80572783c31c4cd75') in 0.019345 seconds
  Import took 0.028705 seconds .

========================================================================
Received Import Request.
  Time since last request: 0.000389 seconds.
  path: Assets/Ground/Overworld_29.asset
  artifactKey: Guid(4792919be3bbd7446b0d9511f84f2ca6) Importer(815301076,1909f56bfc062723c751e8b465ee728b)
Start importing Assets/Ground/Overworld_29.asset using Guid(4792919be3bbd7446b0d9511f84f2ca6) Importer(815301076,1909f56bfc062723c751e8b465ee728b)  -> (artifact id: '0b6514759e29475ba7644ee35f515032') in 0.020682 seconds
  Import took 0.029968 seconds .

========================================================================
Received Import Request.
  Time since last request: 0.000423 seconds.
  path: Assets/Ground/Overworld_81.asset
  artifactKey: Guid(3ccfd7106ddb1d24495ee393a854efc7) Importer(815301076,1909f56bfc062723c751e8b465ee728b)
Start importing Assets/Ground/Overworld_81.asset using Guid(3ccfd7106ddb1d24495ee393a854efc7) Importer(815301076,1909f56bfc062723c751e8b465ee728b)  -> (artifact id: '41e8eccbeccded3456a581895a2f93db') in 0.024429 seconds
  Import took 0.035186 seconds .

========================================================================
Received Import Request.
  Time since last request: 0.000321 seconds.
  path: Assets/Ground/Overworld_82.asset
  artifactKey: Guid(00ded0e49578e4d4fbb8bf40e49c56c8) Importer(815301076,1909f56bfc062723c751e8b465ee728b)
Start importing Assets/Ground/Overworld_82.asset using Guid(00ded0e49578e4d4fbb8bf40e49c56c8) Importer(815301076,1909f56bfc062723c751e8b465ee728b)  -> (artifact id: 'd965477390fc86721f145945f78378d8') in 0.018966 seconds
  Import took 0.025477 seconds .

========================================================================
Received Import Request.
  Time since last request: 0.000502 seconds.
  path: Assets/Ground/Overworld_47.asset
  artifactKey: Guid(e2b4b40684f5177458cb64ffb9942547) Importer(815301076,1909f56bfc062723c751e8b465ee728b)
Start importing Assets/Ground/Overworld_47.asset using Guid(e2b4b40684f5177458cb64ffb9942547) Importer(815301076,1909f56bfc062723c751e8b465ee728b)  -> (artifact id: '6973f78fee5ceb5ede68d1243061cd24') in 0.017259 seconds
  Import took 0.024813 seconds .

========================================================================
Received Import Request.
  Time since last request: 0.000332 seconds.
  path: Assets/Ground/Overworld_60.asset
  artifactKey: Guid(6c316917572718a43a8e8ba6e94a76f3) Importer(815301076,1909f56bfc062723c751e8b465ee728b)
Start importing Assets/Ground/Overworld_60.asset using Guid(6c316917572718a43a8e8ba6e94a76f3) Importer(815301076,1909f56bfc062723c751e8b465ee728b)  -> (artifact id: '15777ee8f40b8e103697339859a414e0') in 0.019603 seconds
  Import took 0.027871 seconds .

========================================================================
Received Import Request.
  Time since last request: 0.000362 seconds.
  path: Assets/Ground/Overworld_16.asset
  artifactKey: Guid(215a21660f8bbf640a273a723a0c294e) Importer(815301076,1909f56bfc062723c751e8b465ee728b)
Start importing Assets/Ground/Overworld_16.asset using Guid(215a21660f8bbf640a273a723a0c294e) Importer(815301076,1909f56bfc062723c751e8b465ee728b)  -> (artifact id: 'e8cedc202a80e77d6b72431ef2e849b6') in 0.016743 seconds
  Import took 0.023556 seconds .

========================================================================
Received Import Request.
  Time since last request: 0.000371 seconds.
  path: Assets/Ground/Overworld_61.asset
  artifactKey: Guid(8eb1afd5a4339bc4eaca5d880c35fba5) Importer(815301076,1909f56bfc062723c751e8b465ee728b)
Start importing Assets/Ground/Overworld_61.asset using Guid(8eb1afd5a4339bc4eaca5d880c35fba5) Importer(815301076,1909f56bfc062723c751e8b465ee728b)  -> (artifact id: 'a8e2820fd4202a27d38f708a293d396d') in 0.018301 seconds
  Import took 0.026406 seconds .

========================================================================
Received Import Request.
  Time since last request: 0.000360 seconds.
  path: Assets/Ground/Overworld_50.asset
  artifactKey: Guid(ac471f3e919902b428bb32ef4e9a221d) Importer(815301076,1909f56bfc062723c751e8b465ee728b)
Start importing Assets/Ground/Overworld_50.asset using Guid(ac471f3e919902b428bb32ef4e9a221d) Importer(815301076,1909f56bfc062723c751e8b465ee728b)  -> (artifact id: 'd7aaa54fa84fb3b88ab79beb617e7acb') in 0.017639 seconds
  Import took 0.025107 seconds .

========================================================================
Received Import Request.
  Time since last request: 0.000353 seconds.
  path: Assets/Ground/Overworld_72.asset
  artifactKey: Guid(2df45cf13d16f6542ba7a6b36ec716ba) Importer(815301076,1909f56bfc062723c751e8b465ee728b)
Start importing Assets/Ground/Overworld_72.asset using Guid(2df45cf13d16f6542ba7a6b36ec716ba) Importer(815301076,1909f56bfc062723c751e8b465ee728b)  -> (artifact id: '369c12356fc30ee849e7b9413a57d99b') in 0.020332 seconds
  Import took 0.027953 seconds .

========================================================================
Received Import Request.
  Time since last request: 0.000353 seconds.
  path: Assets/Ground/Overworld_83.asset
  artifactKey: Guid(05a967d3517d3e044b3ae6f5f7b35bb8) Importer(815301076,1909f56bfc062723c751e8b465ee728b)
Start importing Assets/Ground/Overworld_83.asset using Guid(05a967d3517d3e044b3ae6f5f7b35bb8) Importer(815301076,1909f56bfc062723c751e8b465ee728b)  -> (artifact id: '2c528386938d8e7159de4cf6be81fa48') in 0.018485 seconds
  Import took 0.025469 seconds .

========================================================================
Received Import Request.
  Time since last request: 0.000789 seconds.
  path: Assets/Ground/Overworld_85.asset
  artifactKey: Guid(8fe8da6697b3ba64bb008b5270e333bc) Importer(815301076,1909f56bfc062723c751e8b465ee728b)
Start importing Assets/Ground/Overworld_85.asset using Guid(8fe8da6697b3ba64bb008b5270e333bc) Importer(815301076,1909f56bfc062723c751e8b465ee728b)  -> (artifact id: '53c2485379f2c22e045fc2323f6acd82') in 0.024032 seconds
  Import took 0.031023 seconds .

========================================================================
Received Import Request.
  Time since last request: 0.000523 seconds.
  path: Assets/Ground/Overworld_84.asset
  artifactKey: Guid(d9e7f2b90c4bbde4bbc99ca7494ebcb9) Importer(815301076,1909f56bfc062723c751e8b465ee728b)
Start importing Assets/Ground/Overworld_84.asset using Guid(d9e7f2b90c4bbde4bbc99ca7494ebcb9) Importer(815301076,1909f56bfc062723c751e8b465ee728b)  -> (artifact id: '95bac2cc1239974822853588442b0763') in 0.051606 seconds
  Import took 0.070050 seconds .

========================================================================
Received Import Request.
  Time since last request: 0.004898 seconds.
  path: Assets/Ground/Overworld_74.asset
  artifactKey: Guid(8c8b74093be268c429aa264293013428) Importer(815301076,1909f56bfc062723c751e8b465ee728b)
Start importing Assets/Ground/Overworld_74.asset using Guid(8c8b74093be268c429aa264293013428) Importer(815301076,1909f56bfc062723c751e8b465ee728b)  -> (artifact id: '61015201070b619538425d81db36348e') in 0.057070 seconds
  Import took 0.132324 seconds .

========================================================================
Received Import Request.
  Time since last request: 0.000345 seconds.
  path: Assets/Ground/Overworld_22.asset
  artifactKey: Guid(09b4dcf6a0c2c75498602f716d234466) Importer(815301076,1909f56bfc062723c751e8b465ee728b)
Start importing Assets/Ground/Overworld_22.asset using Guid(09b4dcf6a0c2c75498602f716d234466) Importer(815301076,1909f56bfc062723c751e8b465ee728b)  -> (artifact id: 'e7ff8e4c5b65a6e1466649d95d0e1e48') in 0.031253 seconds
  Import took 0.059151 seconds .

========================================================================
Received Import Request.
  Time since last request: 0.001126 seconds.
  path: Assets/Ground/Overworld_30.asset
  artifactKey: Guid(818fc6efc61159a4fafa4e214a988a58) Importer(815301076,1909f56bfc062723c751e8b465ee728b)
Start importing Assets/Ground/Overworld_30.asset using Guid(818fc6efc61159a4fafa4e214a988a58) Importer(815301076,1909f56bfc062723c751e8b465ee728b)  -> (artifact id: '794c24a9ce8a213b28a87f398e95faae') in 0.019312 seconds
  Import took 0.028393 seconds .

========================================================================
Received Import Request.
  Time since last request: 0.000421 seconds.
  path: Assets/Ground/Overworld_90.asset
  artifactKey: Guid(b70f2bd896f5aa2418a0a7632023e226) Importer(815301076,1909f56bfc062723c751e8b465ee728b)
Start importing Assets/Ground/Overworld_90.asset using Guid(b70f2bd896f5aa2418a0a7632023e226) Importer(815301076,1909f56bfc062723c751e8b465ee728b)  -> (artifact id: '4bb5f69ea3232161ace80b1c61b7518f') in 0.022564 seconds
  Import took 0.030359 seconds .

========================================================================
Received Import Request.
  Time since last request: 0.000363 seconds.
  path: Assets/Ground/Overworld_40.asset
  artifactKey: Guid(f7bbbd30b37115c42b1658d5d9d4f36b) Importer(815301076,1909f56bfc062723c751e8b465ee728b)
Start importing Assets/Ground/Overworld_40.asset using Guid(f7bbbd30b37115c42b1658d5d9d4f36b) Importer(815301076,1909f56bfc062723c751e8b465ee728b)  -> (artifact id: '70d3f004ee2e80fd1acb5a5d218246f4') in 0.018366 seconds
  Import took 0.025521 seconds .

========================================================================
Received Import Request.
  Time since last request: 0.000366 seconds.
  path: Assets/Ground/Overworld_19.asset
  artifactKey: Guid(b5e8fb5360d9d8d4abf423611b0e053a) Importer(815301076,1909f56bfc062723c751e8b465ee728b)
Start importing Assets/Ground/Overworld_19.asset using Guid(b5e8fb5360d9d8d4abf423611b0e053a) Importer(815301076,1909f56bfc062723c751e8b465ee728b)  -> (artifact id: '44585a37d110d82ad107e23a03ab77cc') in 0.018167 seconds
  Import took 0.024925 seconds .

========================================================================
Received Import Request.
  Time since last request: 0.000286 seconds.
  path: Assets/Ground/Overworld_62.asset
  artifactKey: Guid(a79a020132f102e45819dee71ed9c4c9) Importer(815301076,1909f56bfc062723c751e8b465ee728b)
Start importing Assets/Ground/Overworld_62.asset using Guid(a79a020132f102e45819dee71ed9c4c9) Importer(815301076,1909f56bfc062723c751e8b465ee728b)  -> (artifact id: 'bc1f7572f1c4bdbcc6e21d599c8a3f9e') in 0.020383 seconds
  Import took 0.026749 seconds .

========================================================================
Received Import Request.
  Time since last request: 0.000286 seconds.
  path: Assets/Ground/Overworld_0.asset
  artifactKey: Guid(cf01a9d870f402e44be8fcf78d397c9b) Importer(815301076,1909f56bfc062723c751e8b465ee728b)
Start importing Assets/Ground/Overworld_0.asset using Guid(cf01a9d870f402e44be8fcf78d397c9b) Importer(815301076,1909f56bfc062723c751e8b465ee728b)  -> (artifact id: '2b1007e02182e7f59de9a712fa3c4866') in 0.017301 seconds
  Import took 0.022967 seconds .

========================================================================
Received Import Request.
  Time since last request: 11.934833 seconds.
  path: Assets/Scenes/SampleScene.unity
  artifactKey: Guid(2cda990e2423bbf4892e6590ba056729) Importer(815301076,1909f56bfc062723c751e8b465ee728b)
Start importing Assets/Scenes/SampleScene.unity using Guid(2cda990e2423bbf4892e6590ba056729) Importer(815301076,1909f56bfc062723c751e8b465ee728b)  -> (artifact id: '8e03276713959b59e1e7a4da5b063eb7') in 0.016886 seconds
  Import took 0.025292 seconds .

========================================================================
Received Import Request.
  Time since last request: 34.623307 seconds.
  path: Assets/Animations/WalkLeft.anim
  artifactKey: Guid(08d4baa134f22114eb362852260722d4) Importer(815301076,1909f56bfc062723c751e8b465ee728b)
Start importing Assets/Animations/WalkLeft.anim using Guid(08d4baa134f22114eb362852260722d4) Importer(815301076,1909f56bfc062723c751e8b465ee728b)  -> (artifact id: '289f820e0e32f342175e549fd4fe963c') in 0.009807 seconds
  Import took 0.015408 seconds .

========================================================================
Received Import Request.
  Time since last request: 0.002734 seconds.
  path: Assets/Animations/WalkLeft.anim
  artifactKey: Guid(08d4baa134f22114eb362852260722d4) Importer(815301076,1909f56bfc062723c751e8b465ee728b)
Start importing Assets/Animations/WalkLeft.anim using Guid(08d4baa134f22114eb362852260722d4) Importer(815301076,1909f56bfc062723c751e8b465ee728b)  -> (artifact id: '289f820e0e32f342175e549fd4fe963c') in 0.004263 seconds
  Import took 0.009514 seconds .

========================================================================
Received Import Request.
  Time since last request: 13.865374 seconds.
  path: Assets/Animations/WalkDown.anim
  artifactKey: Guid(599cfb73232ad26429d518249b892717) Importer(815301076,1909f56bfc062723c751e8b465ee728b)
Start importing Assets/Animations/WalkDown.anim using Guid(599cfb73232ad26429d518249b892717) Importer(815301076,1909f56bfc062723c751e8b465ee728b)  -> (artifact id: '2f257dd4d47e9a14e17039a07e472668') in 0.011821 seconds
  Import took 0.018885 seconds .

========================================================================
Received Import Request.
  Time since last request: 1.973789 seconds.
  path: Assets/Animations/WalkRight.anim
  artifactKey: Guid(ff3dbac50a048674cb39e7be274f07eb) Importer(815301076,1909f56bfc062723c751e8b465ee728b)
Start importing Assets/Animations/WalkRight.anim using Guid(ff3dbac50a048674cb39e7be274f07eb) Importer(815301076,1909f56bfc062723c751e8b465ee728b)  -> (artifact id: 'd9ccd55b2ab909ae76650eeb916a779f') in 0.004699 seconds
  Import took 0.011065 seconds .

========================================================================
Received Prepare
Registering precompiled user dll's ...
Registered in 0.001913 seconds.
Begin MonoManager ReloadAssembly
Native extension for WindowsStandalone target not found
Refreshing native plugins compatible for Editor in 0.66 ms, found 1 plugins.
Preloading 0 native plugins for Editor in 0.00 ms.
Mono: successfully reloaded assembly
- Completed reload, in  1.476 seconds
Platform modules already initialized, skipping
Refreshing native plugins compatible for Editor in 1.03 ms, found 1 plugins.
Preloading 0 native plugins for Editor in 0.00 ms.
Unloading 1804 Unused Serialized files (Serialized files now loaded: 0)
System memory in use before: 88.8 MB.
System memory in use after: 88.8 MB.

Unloading 12 unused Assets to reduce memory usage. Loaded Objects now: 2356.
Total: 3.344000 ms (FindLiveObjects: 0.362100 ms CreateObjectMapping: 0.202900 ms MarkObjects: 2.598900 ms  DeleteObjects: 0.177400 ms)

========================================================================
Received Prepare
Registering precompiled user dll's ...
Registered in 0.001915 seconds.
Begin MonoManager ReloadAssembly
Native extension for WindowsStandalone target not found
Refreshing native plugins compatible for Editor in 0.99 ms, found 1 plugins.
Preloading 0 native plugins for Editor in 0.00 ms.
Mono: successfully reloaded assembly
- Completed reload, in  1.357 seconds
Platform modules already initialized, skipping
Refreshing native plugins compatible for Editor in 1.12 ms, found 1 plugins.
Preloading 0 native plugins for Editor in 0.00 ms.
Unloading 1804 Unused Serialized files (Serialized files now loaded: 0)
System memory in use before: 88.8 MB.
System memory in use after: 88.8 MB.

Unloading 12 unused Assets to reduce memory usage. Loaded Objects now: 2360.
Total: 3.670700 ms (FindLiveObjects: 0.332100 ms CreateObjectMapping: 0.203200 ms MarkObjects: 2.950600 ms  DeleteObjects: 0.181600 ms)

========================================================================
Received Prepare
Registering precompiled user dll's ...
Registered in 0.001911 seconds.
Begin MonoManager ReloadAssembly
Native extension for WindowsStandalone target not found
Refreshing native plugins compatible for Editor in 4.84 ms, found 1 plugins.
Preloading 0 native plugins for Editor in 0.00 ms.
Mono: successfully reloaded assembly
- Completed reload, in  1.338 seconds
Platform modules already initialized, skipping
Refreshing native plugins compatible for Editor in 0.63 ms, found 1 plugins.
Preloading 0 native plugins for Editor in 0.00 ms.
Unloading 1804 Unused Serialized files (Serialized files now loaded: 0)
System memory in use before: 88.8 MB.
System memory in use after: 88.8 MB.

Unloading 12 unused Assets to reduce memory usage. Loaded Objects now: 2364.
Total: 3.412000 ms (FindLiveObjects: 0.379300 ms CreateObjectMapping: 0.217500 ms MarkObjects: 2.633600 ms  DeleteObjects: 0.179100 ms)

========================================================================
Received Prepare
Registering precompiled user dll's ...
Registered in 0.002593 seconds.
Begin MonoManager ReloadAssembly
Native extension for WindowsStandalone target not found
Refreshing native plugins compatible for Editor in 0.72 ms, found 1 plugins.
Preloading 0 native plugins for Editor in 0.00 ms.
Mono: successfully reloaded assembly
- Completed reload, in  1.674 seconds
Platform modules already initialized, skipping
Refreshing native plugins compatible for Editor in 0.62 ms, found 1 plugins.
Preloading 0 native plugins for Editor in 0.00 ms.
Unloading 1804 Unused Serialized files (Serialized files now loaded: 0)
System memory in use before: 88.8 MB.
System memory in use after: 88.8 MB.

Unloading 12 unused Assets to reduce memory usage. Loaded Objects now: 2368.
Total: 3.177700 ms (FindLiveObjects: 0.390100 ms CreateObjectMapping: 0.245700 ms MarkObjects: 2.367600 ms  DeleteObjects: 0.171800 ms)

AssetImportWorkerClient::OnTransportError - code=2 error=End of file
